2018/03/07 09:10:39 [error] [application] Unable to determine if PATH_INFO is enabled on the server: [curl] 6: Could not resolve host: remcohoeneveld.local [url] http://remcohoeneveld.local/index.php/testPathInfo
2018/03/07 09:14:06 [error] [application] Unable to determine if a script name redirect is in place on the server: [curl] 6: Could not resolve host: remcohoeneveld.local [url] http://remcohoeneveld.local/testScriptNameRedirect

******************************************************************************************************
2018/03/07 12:14:40 [warning] [application] remcohoeneveld tried to log in unsuccessfully.

******************************************************************************************************
2018/03/07 13:19:07 [error] [exception.Twig_Error_Syntax] Twig_Error_Syntax: Unexpected token "operator" of value "=" at line 233. in /var/www/cms/craft/remcohoeneveld/craft/app/vendor/twig/twig/lib/Twig/ExpressionParser.php:208
Stack trace:
#0 /var/www/cms/craft/remcohoeneveld/craft/app/vendor/twig/twig/lib/Twig/ExpressionParser.php(102): Twig_ExpressionParser->parsePrimaryExpression()
#1 /var/www/cms/craft/remcohoeneveld/craft/app/vendor/twig/twig/lib/Twig/ExpressionParser.php(55): Twig_ExpressionParser->getPrimary()
#2 /var/www/cms/craft/remcohoeneveld/craft/app/vendor/twig/twig/lib/Twig/ExpressionParser.php(68): Twig_ExpressionParser->parseExpression(21)
#3 /var/www/cms/craft/remcohoeneveld/craft/app/vendor/twig/twig/lib/Twig/TokenParser/If.php(33): Twig_ExpressionParser->parseExpression()
#4 /var/www/cms/craft/remcohoeneveld/craft/app/vendor/twig/twig/lib/Twig/Parser.php(190): Twig_TokenParser_If->parse(Object(Twig_Token))
#5 /var/www/cms/craft/remcohoeneveld/craft/app/vendor/twig/twig/lib/Twig/TokenParser/For.php(42): Twig_Parser->subparse(Array)
#6 /var/www/cms/craft/remcohoeneveld/craft/app/vendor/twig/twig/lib/Twig/Parser.php(190): Twig_TokenParser_For->parse(Object(Twig_Token))
#7 /var/www/cms/craft/remcohoeneveld/craft/app/vendor/twig/twig/lib/Twig/TokenParser/Block.php(40): Twig_Parser->subparse(Array, true)
#8 /var/www/cms/craft/remcohoeneveld/craft/app/vendor/twig/twig/lib/Twig/Parser.php(190): Twig_TokenParser_Block->parse(Object(Twig_Token))
#9 /var/www/cms/craft/remcohoeneveld/craft/app/vendor/twig/twig/lib/Twig/Parser.php(103): Twig_Parser->subparse(NULL, false)
#10 /var/www/cms/craft/remcohoeneveld/craft/app/vendor/twig/twig/lib/Twig/Environment.php(712): Twig_Parser->parse(Object(Twig_TokenStream))
#11 /var/www/cms/craft/remcohoeneveld/craft/app/vendor/twig/twig/lib/Twig/Environment.php(770): Twig_Environment->parse(Object(Twig_TokenStream))
#12 /var/www/cms/craft/remcohoeneveld/craft/app/vendor/twig/twig/lib/Twig/Environment.php(452): Twig_Environment->compileSource(Object(Twig_Source))
#13 /var/www/cms/craft/remcohoeneveld/craft/app/etc/templating/TwigEnvironment.php(61): Twig_Environment->loadTemplate('', NULL)
#14 /var/www/cms/craft/remcohoeneveld/craft/app/vendor/twig/twig/lib/Twig/Environment.php(363): Craft\TwigEnvironment->loadTemplate('')
#15 /var/www/cms/craft/remcohoeneveld/craft/app/services/TemplatesService.php(256): Twig_Environment->render('', Array)
#16 /var/www/cms/craft/remcohoeneveld/craft/app/controllers/BaseController.php(74): Craft\TemplatesService->render('', Array)
#17 /var/www/cms/craft/remcohoeneveld/craft/app/controllers/TemplatesController.php(68): Craft\BaseController->renderTemplate('', Array)
#18 [internal function]: Craft\TemplatesController->actionRender('', Array)
#19 /var/www/cms/craft/remcohoeneveld/craft/app/framework/web/actions/CAction.php(109): ReflectionMethod->invokeArgs(Object(Craft\TemplatesController), Array)
#20 /var/www/cms/craft/remcohoeneveld/craft/app/framework/web/actions/CInlineAction.php(47): CAction->runWithParamsInternal(Object(Craft\TemplatesController), Object(ReflectionMethod), Array)
#21 /var/www/cms/craft/remcohoeneveld/craft/app/framework/web/CController.php(308): CInlineAction->runWithParams(Array)
#22 /var/www/cms/craft/remcohoeneveld/craft/app/framework/web/CController.php(286): CController->runAction(Object(CInlineAction))
#23 /var/www/cms/craft/remcohoeneveld/craft/app/framework/web/CController.php(265): CController->runActionWithFilters(Object(CInlineAction), Array)
#24 /var/www/cms/craft/remcohoeneveld/craft/app/framework/web/CWebApplication.php(282): CController->run('render')
#25 /var/www/cms/craft/remcohoeneveld/craft/app/framework/web/CWebApplication.php(141): CWebApplication->runController('templates/rende...')
#26 /var/www/cms/craft/remcohoeneveld/craft/app/etc/web/WebApp.php(290): CWebApplication->processRequest()
#27 /var/www/cms/craft/remcohoeneveld/craft/app/framework/base/CApplication.php(185): Craft\WebApp->processRequest()
#28 /var/www/cms/craft/remcohoeneveld/craft/app/index.php(73): CApplication->run()
#29 /var/www/cms/craft/remcohoeneveld/public/index.php(19): require_once('/var/www/cms/cr...')
#30 {main}
REQUEST_URI=/
---

******************************************************************************************************
2018/03/07 13:19:20 [error] [exception.Twig_Error_Syntax] Twig_Error_Syntax: Unexpected token "operator" of value "=" ("end of statement block" expected) at line 233. in /var/www/cms/craft/remcohoeneveld/craft/app/vendor/twig/twig/lib/Twig/TokenStream.php:96
Stack trace:
#0 /var/www/cms/craft/remcohoeneveld/craft/app/vendor/twig/twig/lib/Twig/TokenParser/If.php(35): Twig_TokenStream->expect(3)
#1 /var/www/cms/craft/remcohoeneveld/craft/app/vendor/twig/twig/lib/Twig/Parser.php(190): Twig_TokenParser_If->parse(Object(Twig_Token))
#2 /var/www/cms/craft/remcohoeneveld/craft/app/vendor/twig/twig/lib/Twig/TokenParser/For.php(42): Twig_Parser->subparse(Array)
#3 /var/www/cms/craft/remcohoeneveld/craft/app/vendor/twig/twig/lib/Twig/Parser.php(190): Twig_TokenParser_For->parse(Object(Twig_Token))
#4 /var/www/cms/craft/remcohoeneveld/craft/app/vendor/twig/twig/lib/Twig/TokenParser/Block.php(40): Twig_Parser->subparse(Array, true)
#5 /var/www/cms/craft/remcohoeneveld/craft/app/vendor/twig/twig/lib/Twig/Parser.php(190): Twig_TokenParser_Block->parse(Object(Twig_Token))
#6 /var/www/cms/craft/remcohoeneveld/craft/app/vendor/twig/twig/lib/Twig/Parser.php(103): Twig_Parser->subparse(NULL, false)
#7 /var/www/cms/craft/remcohoeneveld/craft/app/vendor/twig/twig/lib/Twig/Environment.php(712): Twig_Parser->parse(Object(Twig_TokenStream))
#8 /var/www/cms/craft/remcohoeneveld/craft/app/vendor/twig/twig/lib/Twig/Environment.php(770): Twig_Environment->parse(Object(Twig_TokenStream))
#9 /var/www/cms/craft/remcohoeneveld/craft/app/vendor/twig/twig/lib/Twig/Environment.php(452): Twig_Environment->compileSource(Object(Twig_Source))
#10 /var/www/cms/craft/remcohoeneveld/craft/app/etc/templating/TwigEnvironment.php(61): Twig_Environment->loadTemplate('', NULL)
#11 /var/www/cms/craft/remcohoeneveld/craft/app/vendor/twig/twig/lib/Twig/Environment.php(363): Craft\TwigEnvironment->loadTemplate('')
#12 /var/www/cms/craft/remcohoeneveld/craft/app/services/TemplatesService.php(256): Twig_Environment->render('', Array)
#13 /var/www/cms/craft/remcohoeneveld/craft/app/controllers/BaseController.php(74): Craft\TemplatesService->render('', Array)
#14 /var/www/cms/craft/remcohoeneveld/craft/app/controllers/TemplatesController.php(68): Craft\BaseController->renderTemplate('', Array)
#15 [internal function]: Craft\TemplatesController->actionRender('', Array)
#16 /var/www/cms/craft/remcohoeneveld/craft/app/framework/web/actions/CAction.php(109): ReflectionMethod->invokeArgs(Object(Craft\TemplatesController), Array)
#17 /var/www/cms/craft/remcohoeneveld/craft/app/framework/web/actions/CInlineAction.php(47): CAction->runWithParamsInternal(Object(Craft\TemplatesController), Object(ReflectionMethod), Array)
#18 /var/www/cms/craft/remcohoeneveld/craft/app/framework/web/CController.php(308): CInlineAction->runWithParams(Array)
#19 /var/www/cms/craft/remcohoeneveld/craft/app/framework/web/CController.php(286): CController->runAction(Object(CInlineAction))
#20 /var/www/cms/craft/remcohoeneveld/craft/app/framework/web/CController.php(265): CController->runActionWithFilters(Object(CInlineAction), Array)
#21 /var/www/cms/craft/remcohoeneveld/craft/app/framework/web/CWebApplication.php(282): CController->run('render')
#22 /var/www/cms/craft/remcohoeneveld/craft/app/framework/web/CWebApplication.php(141): CWebApplication->runController('templates/rende...')
#23 /var/www/cms/craft/remcohoeneveld/craft/app/etc/web/WebApp.php(290): CWebApplication->processRequest()
#24 /var/www/cms/craft/remcohoeneveld/craft/app/framework/base/CApplication.php(185): Craft\WebApp->processRequest()
#25 /var/www/cms/craft/remcohoeneveld/craft/app/index.php(73): CApplication->run()
#26 /var/www/cms/craft/remcohoeneveld/public/index.php(19): require_once('/var/www/cms/cr...')
#27 {main}
REQUEST_URI=/
---

******************************************************************************************************
2018/03/07 22:29:47 [error] [php] Wrong parameter count for class_alias() (C:\domains\remcohoeneveld.nl\wwwroot\craft\app\vendor\twig\twig\lib\Twig\LoaderInterface.php:57)
Stack trace:
#0 C:\domains\remcohoeneveld.nl\wwwroot\craft\app\vendor\composer\ClassLoader.php(414): include()
#1 C:\domains\remcohoeneveld.nl\wwwroot\craft\app\vendor\composer\ClassLoader.php(301): Composer\Autoload\includeFile()
#2 unknown(0): Composer\Autoload\ClassLoader->loadClass()
#3 C:\domains\remcohoeneveld.nl\wwwroot\craft\app\etc\templating\twigextensions\TemplateLoader.php(14): spl_autoload_call()
#4 C:\domains\remcohoeneveld.nl\wwwroot\craft\app\framework\YiiBase.php(405): include()
#5 unknown(0): autoload()
#6 C:\domains\remcohoeneveld.nl\wwwroot\craft\app\services\TemplatesService.php(169): spl_autoload_call()
#7 C:\domains\remcohoeneveld.nl\wwwroot\craft\app\services\TemplatesService.php(249): Craft\TemplatesService->getTwig()
#8 C:\domains\remcohoeneveld.nl\wwwroot\craft\app\controllers\BaseController.php(74): Craft\TemplatesService->render()
#9 C:\domains\remcohoeneveld.nl\wwwroot\craft\app\controllers\TemplatesController.php(68): Craft\TemplatesController->renderTemplate()
#10 unknown(0): Craft\TemplatesController->actionRender()
#11 C:\domains\remcohoeneveld.nl\wwwroot\craft\app\framework\web\actions\CAction.php(109): ReflectionMethod->invokeArgs()
#12 C:\domains\remcohoeneveld.nl\wwwroot\craft\app\framework\web\actions\CInlineAction.php(47): CInlineAction->runWithParamsInternal()
#13 C:\domains\remcohoeneveld.nl\wwwroot\craft\app\framework\web\CController.php(308): CInlineAction->runWithParams()
#14 C:\domains\remcohoeneveld.nl\wwwroot\craft\app\framework\web\CController.php(286): Craft\TemplatesController->runAction()
#15 C:\domains\remcohoeneveld.nl\wwwroot\craft\app\framework\web\CController.php(265): Craft\TemplatesController->runActionWithFilters()
#16 C:\domains\remcohoeneveld.nl\wwwroot\craft\app\framework\web\CWebApplication.php(282): Craft\TemplatesController->run()
#17 C:\domains\remcohoeneveld.nl\wwwroot\craft\app\framework\web\CWebApplication.php(141): Craft\WebApp->runController()
#18 C:\domains\remcohoeneveld.nl\wwwroot\craft\app\etc\web\WebApp.php(290): Craft\WebApp->processRequest()
#19 C:\domains\remcohoeneveld.nl\wwwroot\craft\app\framework\base\CApplication.php(185): Craft\WebApp->processRequest()
#20 C:\domains\remcohoeneveld.nl\wwwroot\craft\app\index.php(73): Craft\WebApp->run()
#21 C:\domains\remcohoeneveld.nl\wwwroot\public\index.php(19): require_once()
REQUEST_URI=/

******************************************************************************************************
2018/03/07 22:29:49 [error] [php] Wrong parameter count for class_alias() (C:\domains\remcohoeneveld.nl\wwwroot\craft\app\vendor\twig\twig\lib\Twig\LoaderInterface.php:57)
Stack trace:
#0 C:\domains\remcohoeneveld.nl\wwwroot\craft\app\vendor\composer\ClassLoader.php(414): include()
#1 C:\domains\remcohoeneveld.nl\wwwroot\craft\app\vendor\composer\ClassLoader.php(301): Composer\Autoload\includeFile()
#2 unknown(0): Composer\Autoload\ClassLoader->loadClass()
#3 C:\domains\remcohoeneveld.nl\wwwroot\craft\app\etc\templating\twigextensions\TemplateLoader.php(14): spl_autoload_call()
#4 C:\domains\remcohoeneveld.nl\wwwroot\craft\app\framework\YiiBase.php(405): include()
#5 unknown(0): autoload()
#6 C:\domains\remcohoeneveld.nl\wwwroot\craft\app\services\TemplatesService.php(169): spl_autoload_call()
#7 C:\domains\remcohoeneveld.nl\wwwroot\craft\app\services\TemplatesService.php(249): Craft\TemplatesService->getTwig()
#8 C:\domains\remcohoeneveld.nl\wwwroot\craft\app\controllers\BaseController.php(74): Craft\TemplatesService->render()
#9 C:\domains\remcohoeneveld.nl\wwwroot\craft\app\controllers\TemplatesController.php(68): Craft\TemplatesController->renderTemplate()
#10 unknown(0): Craft\TemplatesController->actionRender()
#11 C:\domains\remcohoeneveld.nl\wwwroot\craft\app\framework\web\actions\CAction.php(109): ReflectionMethod->invokeArgs()
#12 C:\domains\remcohoeneveld.nl\wwwroot\craft\app\framework\web\actions\CInlineAction.php(47): CInlineAction->runWithParamsInternal()
#13 C:\domains\remcohoeneveld.nl\wwwroot\craft\app\framework\web\CController.php(308): CInlineAction->runWithParams()
#14 C:\domains\remcohoeneveld.nl\wwwroot\craft\app\framework\web\CController.php(286): Craft\TemplatesController->runAction()
#15 C:\domains\remcohoeneveld.nl\wwwroot\craft\app\framework\web\CController.php(265): Craft\TemplatesController->runActionWithFilters()
#16 C:\domains\remcohoeneveld.nl\wwwroot\craft\app\framework\web\CWebApplication.php(282): Craft\TemplatesController->run()
#17 C:\domains\remcohoeneveld.nl\wwwroot\craft\app\framework\web\CWebApplication.php(141): Craft\WebApp->runController()
#18 C:\domains\remcohoeneveld.nl\wwwroot\craft\app\etc\web\WebApp.php(290): Craft\WebApp->processRequest()
#19 C:\domains\remcohoeneveld.nl\wwwroot\craft\app\framework\base\CApplication.php(185): Craft\WebApp->processRequest()
#20 C:\domains\remcohoeneveld.nl\wwwroot\craft\app\index.php(73): Craft\WebApp->run()
#21 C:\domains\remcohoeneveld.nl\wwwroot\public\index.php(19): require_once()
REQUEST_URI=/

******************************************************************************************************
2018/03/07 22:29:57 [error] [php] Wrong parameter count for class_alias() (C:\domains\remcohoeneveld.nl\wwwroot\craft\app\vendor\twig\twig\lib\Twig\LoaderInterface.php:57)
Stack trace:
#0 C:\domains\remcohoeneveld.nl\wwwroot\craft\app\vendor\composer\ClassLoader.php(414): include()
#1 C:\domains\remcohoeneveld.nl\wwwroot\craft\app\vendor\composer\ClassLoader.php(301): Composer\Autoload\includeFile()
#2 unknown(0): Composer\Autoload\ClassLoader->loadClass()
#3 C:\domains\remcohoeneveld.nl\wwwroot\craft\app\etc\templating\twigextensions\TemplateLoader.php(14): spl_autoload_call()
#4 C:\domains\remcohoeneveld.nl\wwwroot\craft\app\framework\YiiBase.php(405): include()
#5 unknown(0): autoload()
#6 C:\domains\remcohoeneveld.nl\wwwroot\craft\app\services\TemplatesService.php(169): spl_autoload_call()
#7 C:\domains\remcohoeneveld.nl\wwwroot\craft\app\services\TemplatesService.php(249): Craft\TemplatesService->getTwig()
#8 C:\domains\remcohoeneveld.nl\wwwroot\craft\app\controllers\BaseController.php(74): Craft\TemplatesService->render()
#9 C:\domains\remcohoeneveld.nl\wwwroot\craft\app\controllers\TemplatesController.php(68): Craft\TemplatesController->renderTemplate()
#10 unknown(0): Craft\TemplatesController->actionRender()
#11 C:\domains\remcohoeneveld.nl\wwwroot\craft\app\framework\web\actions\CAction.php(109): ReflectionMethod->invokeArgs()
#12 C:\domains\remcohoeneveld.nl\wwwroot\craft\app\framework\web\actions\CInlineAction.php(47): CInlineAction->runWithParamsInternal()
#13 C:\domains\remcohoeneveld.nl\wwwroot\craft\app\framework\web\CController.php(308): CInlineAction->runWithParams()
#14 C:\domains\remcohoeneveld.nl\wwwroot\craft\app\framework\web\CController.php(286): Craft\TemplatesController->runAction()
#15 C:\domains\remcohoeneveld.nl\wwwroot\craft\app\framework\web\CController.php(265): Craft\TemplatesController->runActionWithFilters()
#16 C:\domains\remcohoeneveld.nl\wwwroot\craft\app\framework\web\CWebApplication.php(282): Craft\TemplatesController->run()
#17 C:\domains\remcohoeneveld.nl\wwwroot\craft\app\framework\web\CWebApplication.php(141): Craft\WebApp->runController()
#18 C:\domains\remcohoeneveld.nl\wwwroot\craft\app\etc\web\WebApp.php(290): Craft\WebApp->processRequest()
#19 C:\domains\remcohoeneveld.nl\wwwroot\craft\app\framework\base\CApplication.php(185): Craft\WebApp->processRequest()
#20 C:\domains\remcohoeneveld.nl\wwwroot\craft\app\index.php(73): Craft\WebApp->run()
#21 C:\domains\remcohoeneveld.nl\wwwroot\public\index.php(19): require_once()
REQUEST_URI=/

******************************************************************************************************
2018/03/07 22:29:58 [error] [php] Wrong parameter count for class_alias() (C:\domains\remcohoeneveld.nl\wwwroot\craft\app\vendor\twig\twig\lib\Twig\LoaderInterface.php:57)
Stack trace:
#0 C:\domains\remcohoeneveld.nl\wwwroot\craft\app\vendor\composer\ClassLoader.php(414): include()
#1 C:\domains\remcohoeneveld.nl\wwwroot\craft\app\vendor\composer\ClassLoader.php(301): Composer\Autoload\includeFile()
#2 unknown(0): Composer\Autoload\ClassLoader->loadClass()
#3 C:\domains\remcohoeneveld.nl\wwwroot\craft\app\etc\templating\twigextensions\TemplateLoader.php(14): spl_autoload_call()
#4 C:\domains\remcohoeneveld.nl\wwwroot\craft\app\framework\YiiBase.php(405): include()
#5 unknown(0): autoload()
#6 C:\domains\remcohoeneveld.nl\wwwroot\craft\app\services\TemplatesService.php(169): spl_autoload_call()
#7 C:\domains\remcohoeneveld.nl\wwwroot\craft\app\services\TemplatesService.php(249): Craft\TemplatesService->getTwig()
#8 C:\domains\remcohoeneveld.nl\wwwroot\craft\app\controllers\BaseController.php(74): Craft\TemplatesService->render()
#9 C:\domains\remcohoeneveld.nl\wwwroot\craft\app\controllers\TemplatesController.php(68): Craft\TemplatesController->renderTemplate()
#10 unknown(0): Craft\TemplatesController->actionRender()
#11 C:\domains\remcohoeneveld.nl\wwwroot\craft\app\framework\web\actions\CAction.php(109): ReflectionMethod->invokeArgs()
#12 C:\domains\remcohoeneveld.nl\wwwroot\craft\app\framework\web\actions\CInlineAction.php(47): CInlineAction->runWithParamsInternal()
#13 C:\domains\remcohoeneveld.nl\wwwroot\craft\app\framework\web\CController.php(308): CInlineAction->runWithParams()
#14 C:\domains\remcohoeneveld.nl\wwwroot\craft\app\framework\web\CController.php(286): Craft\TemplatesController->runAction()
#15 C:\domains\remcohoeneveld.nl\wwwroot\craft\app\framework\web\CController.php(265): Craft\TemplatesController->runActionWithFilters()
#16 C:\domains\remcohoeneveld.nl\wwwroot\craft\app\framework\web\CWebApplication.php(282): Craft\TemplatesController->run()
#17 C:\domains\remcohoeneveld.nl\wwwroot\craft\app\framework\web\CWebApplication.php(141): Craft\WebApp->runController()
#18 C:\domains\remcohoeneveld.nl\wwwroot\craft\app\etc\web\WebApp.php(290): Craft\WebApp->processRequest()
#19 C:\domains\remcohoeneveld.nl\wwwroot\craft\app\framework\base\CApplication.php(185): Craft\WebApp->processRequest()
#20 C:\domains\remcohoeneveld.nl\wwwroot\craft\app\index.php(73): Craft\WebApp->run()
#21 C:\domains\remcohoeneveld.nl\wwwroot\public\index.php(19): require_once()
REQUEST_URI=/

******************************************************************************************************
2018/03/07 22:30:24 [error] [php] Wrong parameter count for class_alias() (C:\domains\remcohoeneveld.nl\wwwroot\craft\app\vendor\twig\twig\lib\Twig\LoaderInterface.php:57)
Stack trace:
#0 C:\domains\remcohoeneveld.nl\wwwroot\craft\app\vendor\composer\ClassLoader.php(414): include()
#1 C:\domains\remcohoeneveld.nl\wwwroot\craft\app\vendor\composer\ClassLoader.php(301): Composer\Autoload\includeFile()
#2 unknown(0): Composer\Autoload\ClassLoader->loadClass()
#3 C:\domains\remcohoeneveld.nl\wwwroot\craft\app\etc\templating\twigextensions\TemplateLoader.php(14): spl_autoload_call()
#4 C:\domains\remcohoeneveld.nl\wwwroot\craft\app\framework\YiiBase.php(405): include()
#5 unknown(0): autoload()
#6 C:\domains\remcohoeneveld.nl\wwwroot\craft\app\services\TemplatesService.php(169): spl_autoload_call()
#7 C:\domains\remcohoeneveld.nl\wwwroot\craft\app\services\TemplatesService.php(249): Craft\TemplatesService->getTwig()
#8 C:\domains\remcohoeneveld.nl\wwwroot\craft\app\controllers\BaseController.php(74): Craft\TemplatesService->render()
#9 C:\domains\remcohoeneveld.nl\wwwroot\craft\app\controllers\TemplatesController.php(68): Craft\TemplatesController->renderTemplate()
#10 unknown(0): Craft\TemplatesController->actionRender()
#11 C:\domains\remcohoeneveld.nl\wwwroot\craft\app\framework\web\actions\CAction.php(109): ReflectionMethod->invokeArgs()
#12 C:\domains\remcohoeneveld.nl\wwwroot\craft\app\framework\web\actions\CInlineAction.php(47): CInlineAction->runWithParamsInternal()
#13 C:\domains\remcohoeneveld.nl\wwwroot\craft\app\framework\web\CController.php(308): CInlineAction->runWithParams()
#14 C:\domains\remcohoeneveld.nl\wwwroot\craft\app\framework\web\CController.php(286): Craft\TemplatesController->runAction()
#15 C:\domains\remcohoeneveld.nl\wwwroot\craft\app\framework\web\CController.php(265): Craft\TemplatesController->runActionWithFilters()
#16 C:\domains\remcohoeneveld.nl\wwwroot\craft\app\framework\web\CWebApplication.php(282): Craft\TemplatesController->run()
#17 C:\domains\remcohoeneveld.nl\wwwroot\craft\app\framework\web\CWebApplication.php(141): Craft\WebApp->runController()
#18 C:\domains\remcohoeneveld.nl\wwwroot\craft\app\etc\web\WebApp.php(290): Craft\WebApp->processRequest()
#19 C:\domains\remcohoeneveld.nl\wwwroot\craft\app\framework\base\CApplication.php(185): Craft\WebApp->processRequest()
#20 C:\domains\remcohoeneveld.nl\wwwroot\craft\app\index.php(73): Craft\WebApp->run()
#21 C:\domains\remcohoeneveld.nl\wwwroot\public\index.php(19): require_once()
REQUEST_URI=/admin/login

******************************************************************************************************
2018/03/07 22:30:26 [error] [php] Wrong parameter count for class_alias() (C:\domains\remcohoeneveld.nl\wwwroot\craft\app\vendor\twig\twig\lib\Twig\LoaderInterface.php:57)
Stack trace:
#0 C:\domains\remcohoeneveld.nl\wwwroot\craft\app\vendor\composer\ClassLoader.php(414): include()
#1 C:\domains\remcohoeneveld.nl\wwwroot\craft\app\vendor\composer\ClassLoader.php(301): Composer\Autoload\includeFile()
#2 unknown(0): Composer\Autoload\ClassLoader->loadClass()
#3 C:\domains\remcohoeneveld.nl\wwwroot\craft\app\etc\templating\twigextensions\TemplateLoader.php(14): spl_autoload_call()
#4 C:\domains\remcohoeneveld.nl\wwwroot\craft\app\framework\YiiBase.php(405): include()
#5 unknown(0): autoload()
#6 C:\domains\remcohoeneveld.nl\wwwroot\craft\app\services\TemplatesService.php(169): spl_autoload_call()
#7 C:\domains\remcohoeneveld.nl\wwwroot\craft\app\services\TemplatesService.php(249): Craft\TemplatesService->getTwig()
#8 C:\domains\remcohoeneveld.nl\wwwroot\craft\app\controllers\BaseController.php(74): Craft\TemplatesService->render()
#9 C:\domains\remcohoeneveld.nl\wwwroot\craft\app\controllers\TemplatesController.php(68): Craft\TemplatesController->renderTemplate()
#10 unknown(0): Craft\TemplatesController->actionRender()
#11 C:\domains\remcohoeneveld.nl\wwwroot\craft\app\framework\web\actions\CAction.php(109): ReflectionMethod->invokeArgs()
#12 C:\domains\remcohoeneveld.nl\wwwroot\craft\app\framework\web\actions\CInlineAction.php(47): CInlineAction->runWithParamsInternal()
#13 C:\domains\remcohoeneveld.nl\wwwroot\craft\app\framework\web\CController.php(308): CInlineAction->runWithParams()
#14 C:\domains\remcohoeneveld.nl\wwwroot\craft\app\framework\web\CController.php(286): Craft\TemplatesController->runAction()
#15 C:\domains\remcohoeneveld.nl\wwwroot\craft\app\framework\web\CController.php(265): Craft\TemplatesController->runActionWithFilters()
#16 C:\domains\remcohoeneveld.nl\wwwroot\craft\app\framework\web\CWebApplication.php(282): Craft\TemplatesController->run()
#17 C:\domains\remcohoeneveld.nl\wwwroot\craft\app\framework\web\CWebApplication.php(141): Craft\WebApp->runController()
#18 C:\domains\remcohoeneveld.nl\wwwroot\craft\app\etc\web\WebApp.php(290): Craft\WebApp->processRequest()
#19 C:\domains\remcohoeneveld.nl\wwwroot\craft\app\framework\base\CApplication.php(185): Craft\WebApp->processRequest()
#20 C:\domains\remcohoeneveld.nl\wwwroot\craft\app\index.php(73): Craft\WebApp->run()
#21 C:\domains\remcohoeneveld.nl\wwwroot\public\index.php(19): require_once()
REQUEST_URI=/admin/login

******************************************************************************************************
2018/03/07 22:31:33 [error] [php] Wrong parameter count for class_alias() (C:\domains\remcohoeneveld.nl\wwwroot\craft\app\vendor\twig\twig\lib\Twig\LoaderInterface.php:57)
Stack trace:
#0 C:\domains\remcohoeneveld.nl\wwwroot\craft\app\vendor\composer\ClassLoader.php(414): include()
#1 C:\domains\remcohoeneveld.nl\wwwroot\craft\app\vendor\composer\ClassLoader.php(301): Composer\Autoload\includeFile()
#2 unknown(0): Composer\Autoload\ClassLoader->loadClass()
#3 C:\domains\remcohoeneveld.nl\wwwroot\craft\app\etc\templating\twigextensions\TemplateLoader.php(14): spl_autoload_call()
#4 C:\domains\remcohoeneveld.nl\wwwroot\craft\app\framework\YiiBase.php(405): include()
#5 unknown(0): autoload()
#6 C:\domains\remcohoeneveld.nl\wwwroot\craft\app\services\TemplatesService.php(169): spl_autoload_call()
#7 C:\domains\remcohoeneveld.nl\wwwroot\craft\app\services\TemplatesService.php(249): Craft\TemplatesService->getTwig()
#8 C:\domains\remcohoeneveld.nl\wwwroot\craft\app\controllers\BaseController.php(74): Craft\TemplatesService->render()
#9 C:\domains\remcohoeneveld.nl\wwwroot\craft\app\controllers\TemplatesController.php(68): Craft\TemplatesController->renderTemplate()
#10 unknown(0): Craft\TemplatesController->actionRender()
#11 C:\domains\remcohoeneveld.nl\wwwroot\craft\app\framework\web\actions\CAction.php(109): ReflectionMethod->invokeArgs()
#12 C:\domains\remcohoeneveld.nl\wwwroot\craft\app\framework\web\actions\CInlineAction.php(47): CInlineAction->runWithParamsInternal()
#13 C:\domains\remcohoeneveld.nl\wwwroot\craft\app\framework\web\CController.php(308): CInlineAction->runWithParams()
#14 C:\domains\remcohoeneveld.nl\wwwroot\craft\app\framework\web\CController.php(286): Craft\TemplatesController->runAction()
#15 C:\domains\remcohoeneveld.nl\wwwroot\craft\app\framework\web\CController.php(265): Craft\TemplatesController->runActionWithFilters()
#16 C:\domains\remcohoeneveld.nl\wwwroot\craft\app\framework\web\CWebApplication.php(282): Craft\TemplatesController->run()
#17 C:\domains\remcohoeneveld.nl\wwwroot\craft\app\framework\web\CWebApplication.php(141): Craft\WebApp->runController()
#18 C:\domains\remcohoeneveld.nl\wwwroot\craft\app\etc\web\WebApp.php(290): Craft\WebApp->processRequest()
#19 C:\domains\remcohoeneveld.nl\wwwroot\craft\app\framework\base\CApplication.php(185): Craft\WebApp->processRequest()
#20 C:\domains\remcohoeneveld.nl\wwwroot\craft\app\index.php(73): Craft\WebApp->run()
#21 C:\domains\remcohoeneveld.nl\wwwroot\public\index.php(19): require_once()
REQUEST_URI=/admin/login

******************************************************************************************************
2018/03/07 22:32:48 [error] [php] Wrong parameter count for class_alias() (C:\domains\remcohoeneveld.nl\wwwroot\craft\app\vendor\twig\twig\lib\Twig\LoaderInterface.php:57)
Stack trace:
#0 C:\domains\remcohoeneveld.nl\wwwroot\craft\app\vendor\composer\ClassLoader.php(414): include()
#1 C:\domains\remcohoeneveld.nl\wwwroot\craft\app\vendor\composer\ClassLoader.php(301): Composer\Autoload\includeFile()
#2 unknown(0): Composer\Autoload\ClassLoader->loadClass()
#3 C:\domains\remcohoeneveld.nl\wwwroot\craft\app\etc\templating\twigextensions\TemplateLoader.php(14): spl_autoload_call()
#4 C:\domains\remcohoeneveld.nl\wwwroot\craft\app\framework\YiiBase.php(405): include()
#5 unknown(0): autoload()
#6 C:\domains\remcohoeneveld.nl\wwwroot\craft\app\services\TemplatesService.php(169): spl_autoload_call()
#7 C:\domains\remcohoeneveld.nl\wwwroot\craft\app\services\TemplatesService.php(249): Craft\TemplatesService->getTwig()
#8 C:\domains\remcohoeneveld.nl\wwwroot\craft\app\controllers\BaseController.php(74): Craft\TemplatesService->render()
#9 C:\domains\remcohoeneveld.nl\wwwroot\craft\app\controllers\TemplatesController.php(68): Craft\TemplatesController->renderTemplate()
#10 unknown(0): Craft\TemplatesController->actionRender()
#11 C:\domains\remcohoeneveld.nl\wwwroot\craft\app\framework\web\actions\CAction.php(109): ReflectionMethod->invokeArgs()
#12 C:\domains\remcohoeneveld.nl\wwwroot\craft\app\framework\web\actions\CInlineAction.php(47): CInlineAction->runWithParamsInternal()
#13 C:\domains\remcohoeneveld.nl\wwwroot\craft\app\framework\web\CController.php(308): CInlineAction->runWithParams()
#14 C:\domains\remcohoeneveld.nl\wwwroot\craft\app\framework\web\CController.php(286): Craft\TemplatesController->runAction()
#15 C:\domains\remcohoeneveld.nl\wwwroot\craft\app\framework\web\CController.php(265): Craft\TemplatesController->runActionWithFilters()
#16 C:\domains\remcohoeneveld.nl\wwwroot\craft\app\framework\web\CWebApplication.php(282): Craft\TemplatesController->run()
#17 C:\domains\remcohoeneveld.nl\wwwroot\craft\app\framework\web\CWebApplication.php(141): Craft\WebApp->runController()
#18 C:\domains\remcohoeneveld.nl\wwwroot\craft\app\etc\web\WebApp.php(290): Craft\WebApp->processRequest()
#19 C:\domains\remcohoeneveld.nl\wwwroot\craft\app\framework\base\CApplication.php(185): Craft\WebApp->processRequest()
#20 C:\domains\remcohoeneveld.nl\wwwroot\craft\app\index.php(73): Craft\WebApp->run()
#21 C:\domains\remcohoeneveld.nl\wwwroot\public\index.php(19): require_once()
REQUEST_URI=/

******************************************************************************************************
2018/03/07 22:32:53 [error] [php] Wrong parameter count for class_alias() (C:\domains\remcohoeneveld.nl\wwwroot\craft\app\vendor\twig\twig\lib\Twig\LoaderInterface.php:57)
Stack trace:
#0 C:\domains\remcohoeneveld.nl\wwwroot\craft\app\vendor\composer\ClassLoader.php(414): include()
#1 C:\domains\remcohoeneveld.nl\wwwroot\craft\app\vendor\composer\ClassLoader.php(301): Composer\Autoload\includeFile()
#2 unknown(0): Composer\Autoload\ClassLoader->loadClass()
#3 C:\domains\remcohoeneveld.nl\wwwroot\craft\app\etc\templating\twigextensions\TemplateLoader.php(14): spl_autoload_call()
#4 C:\domains\remcohoeneveld.nl\wwwroot\craft\app\framework\YiiBase.php(405): include()
#5 unknown(0): autoload()
#6 C:\domains\remcohoeneveld.nl\wwwroot\craft\app\services\TemplatesService.php(169): spl_autoload_call()
#7 C:\domains\remcohoeneveld.nl\wwwroot\craft\app\services\TemplatesService.php(249): Craft\TemplatesService->getTwig()
#8 C:\domains\remcohoeneveld.nl\wwwroot\craft\app\controllers\BaseController.php(74): Craft\TemplatesService->render()
#9 C:\domains\remcohoeneveld.nl\wwwroot\craft\app\controllers\TemplatesController.php(68): Craft\TemplatesController->renderTemplate()
#10 unknown(0): Craft\TemplatesController->actionRender()
#11 C:\domains\remcohoeneveld.nl\wwwroot\craft\app\framework\web\actions\CAction.php(109): ReflectionMethod->invokeArgs()
#12 C:\domains\remcohoeneveld.nl\wwwroot\craft\app\framework\web\actions\CInlineAction.php(47): CInlineAction->runWithParamsInternal()
#13 C:\domains\remcohoeneveld.nl\wwwroot\craft\app\framework\web\CController.php(308): CInlineAction->runWithParams()
#14 C:\domains\remcohoeneveld.nl\wwwroot\craft\app\framework\web\CController.php(286): Craft\TemplatesController->runAction()
#15 C:\domains\remcohoeneveld.nl\wwwroot\craft\app\framework\web\CController.php(265): Craft\TemplatesController->runActionWithFilters()
#16 C:\domains\remcohoeneveld.nl\wwwroot\craft\app\framework\web\CWebApplication.php(282): Craft\TemplatesController->run()
#17 C:\domains\remcohoeneveld.nl\wwwroot\craft\app\framework\web\CWebApplication.php(141): Craft\WebApp->runController()
#18 C:\domains\remcohoeneveld.nl\wwwroot\craft\app\etc\web\WebApp.php(290): Craft\WebApp->processRequest()
#19 C:\domains\remcohoeneveld.nl\wwwroot\craft\app\framework\base\CApplication.php(185): Craft\WebApp->processRequest()
#20 C:\domains\remcohoeneveld.nl\wwwroot\craft\app\index.php(73): Craft\WebApp->run()
#21 C:\domains\remcohoeneveld.nl\wwwroot\public\index.php(19): require_once()
REQUEST_URI=/

******************************************************************************************************
2018/03/07 22:32:54 [error] [php] Wrong parameter count for class_alias() (C:\domains\remcohoeneveld.nl\wwwroot\craft\app\vendor\twig\twig\lib\Twig\LoaderInterface.php:57)
Stack trace:
#0 C:\domains\remcohoeneveld.nl\wwwroot\craft\app\vendor\composer\ClassLoader.php(414): include()
#1 C:\domains\remcohoeneveld.nl\wwwroot\craft\app\vendor\composer\ClassLoader.php(301): Composer\Autoload\includeFile()
#2 unknown(0): Composer\Autoload\ClassLoader->loadClass()
#3 C:\domains\remcohoeneveld.nl\wwwroot\craft\app\etc\templating\twigextensions\TemplateLoader.php(14): spl_autoload_call()
#4 C:\domains\remcohoeneveld.nl\wwwroot\craft\app\framework\YiiBase.php(405): include()
#5 unknown(0): autoload()
#6 C:\domains\remcohoeneveld.nl\wwwroot\craft\app\services\TemplatesService.php(169): spl_autoload_call()
#7 C:\domains\remcohoeneveld.nl\wwwroot\craft\app\services\TemplatesService.php(249): Craft\TemplatesService->getTwig()
#8 C:\domains\remcohoeneveld.nl\wwwroot\craft\app\controllers\BaseController.php(74): Craft\TemplatesService->render()
#9 C:\domains\remcohoeneveld.nl\wwwroot\craft\app\controllers\TemplatesController.php(68): Craft\TemplatesController->renderTemplate()
#10 unknown(0): Craft\TemplatesController->actionRender()
#11 C:\domains\remcohoeneveld.nl\wwwroot\craft\app\framework\web\actions\CAction.php(109): ReflectionMethod->invokeArgs()
#12 C:\domains\remcohoeneveld.nl\wwwroot\craft\app\framework\web\actions\CInlineAction.php(47): CInlineAction->runWithParamsInternal()
#13 C:\domains\remcohoeneveld.nl\wwwroot\craft\app\framework\web\CController.php(308): CInlineAction->runWithParams()
#14 C:\domains\remcohoeneveld.nl\wwwroot\craft\app\framework\web\CController.php(286): Craft\TemplatesController->runAction()
#15 C:\domains\remcohoeneveld.nl\wwwroot\craft\app\framework\web\CController.php(265): Craft\TemplatesController->runActionWithFilters()
#16 C:\domains\remcohoeneveld.nl\wwwroot\craft\app\framework\web\CWebApplication.php(282): Craft\TemplatesController->run()
#17 C:\domains\remcohoeneveld.nl\wwwroot\craft\app\framework\web\CWebApplication.php(141): Craft\WebApp->runController()
#18 C:\domains\remcohoeneveld.nl\wwwroot\craft\app\etc\web\WebApp.php(290): Craft\WebApp->processRequest()
#19 C:\domains\remcohoeneveld.nl\wwwroot\craft\app\framework\base\CApplication.php(185): Craft\WebApp->processRequest()
#20 C:\domains\remcohoeneveld.nl\wwwroot\craft\app\index.php(73): Craft\WebApp->run()
#21 C:\domains\remcohoeneveld.nl\wwwroot\public\index.php(19): require_once()
REQUEST_URI=/

******************************************************************************************************
2018/03/07 22:32:55 [error] [php] Wrong parameter count for class_alias() (C:\domains\remcohoeneveld.nl\wwwroot\craft\app\vendor\twig\twig\lib\Twig\LoaderInterface.php:57)
Stack trace:
#0 C:\domains\remcohoeneveld.nl\wwwroot\craft\app\vendor\composer\ClassLoader.php(414): include()
#1 C:\domains\remcohoeneveld.nl\wwwroot\craft\app\vendor\composer\ClassLoader.php(301): Composer\Autoload\includeFile()
#2 unknown(0): Composer\Autoload\ClassLoader->loadClass()
#3 C:\domains\remcohoeneveld.nl\wwwroot\craft\app\etc\templating\twigextensions\TemplateLoader.php(14): spl_autoload_call()
#4 C:\domains\remcohoeneveld.nl\wwwroot\craft\app\framework\YiiBase.php(405): include()
#5 unknown(0): autoload()
#6 C:\domains\remcohoeneveld.nl\wwwroot\craft\app\services\TemplatesService.php(169): spl_autoload_call()
#7 C:\domains\remcohoeneveld.nl\wwwroot\craft\app\services\TemplatesService.php(249): Craft\TemplatesService->getTwig()
#8 C:\domains\remcohoeneveld.nl\wwwroot\craft\app\controllers\BaseController.php(74): Craft\TemplatesService->render()
#9 C:\domains\remcohoeneveld.nl\wwwroot\craft\app\controllers\TemplatesController.php(68): Craft\TemplatesController->renderTemplate()
#10 unknown(0): Craft\TemplatesController->actionRender()
#11 C:\domains\remcohoeneveld.nl\wwwroot\craft\app\framework\web\actions\CAction.php(109): ReflectionMethod->invokeArgs()
#12 C:\domains\remcohoeneveld.nl\wwwroot\craft\app\framework\web\actions\CInlineAction.php(47): CInlineAction->runWithParamsInternal()
#13 C:\domains\remcohoeneveld.nl\wwwroot\craft\app\framework\web\CController.php(308): CInlineAction->runWithParams()
#14 C:\domains\remcohoeneveld.nl\wwwroot\craft\app\framework\web\CController.php(286): Craft\TemplatesController->runAction()
#15 C:\domains\remcohoeneveld.nl\wwwroot\craft\app\framework\web\CController.php(265): Craft\TemplatesController->runActionWithFilters()
#16 C:\domains\remcohoeneveld.nl\wwwroot\craft\app\framework\web\CWebApplication.php(282): Craft\TemplatesController->run()
#17 C:\domains\remcohoeneveld.nl\wwwroot\craft\app\framework\web\CWebApplication.php(141): Craft\WebApp->runController()
#18 C:\domains\remcohoeneveld.nl\wwwroot\craft\app\etc\web\WebApp.php(290): Craft\WebApp->processRequest()
#19 C:\domains\remcohoeneveld.nl\wwwroot\craft\app\framework\base\CApplication.php(185): Craft\WebApp->processRequest()
#20 C:\domains\remcohoeneveld.nl\wwwroot\craft\app\index.php(73): Craft\WebApp->run()
#21 C:\domains\remcohoeneveld.nl\wwwroot\public\index.php(19): require_once()
REQUEST_URI=/

******************************************************************************************************
2018/03/07 22:32:55 [error] [php] Wrong parameter count for class_alias() (C:\domains\remcohoeneveld.nl\wwwroot\craft\app\vendor\twig\twig\lib\Twig\LoaderInterface.php:57)
Stack trace:
#0 C:\domains\remcohoeneveld.nl\wwwroot\craft\app\vendor\composer\ClassLoader.php(414): include()
#1 C:\domains\remcohoeneveld.nl\wwwroot\craft\app\vendor\composer\ClassLoader.php(301): Composer\Autoload\includeFile()
#2 unknown(0): Composer\Autoload\ClassLoader->loadClass()
#3 C:\domains\remcohoeneveld.nl\wwwroot\craft\app\etc\templating\twigextensions\TemplateLoader.php(14): spl_autoload_call()
#4 C:\domains\remcohoeneveld.nl\wwwroot\craft\app\framework\YiiBase.php(405): include()
#5 unknown(0): autoload()
#6 C:\domains\remcohoeneveld.nl\wwwroot\craft\app\services\TemplatesService.php(169): spl_autoload_call()
#7 C:\domains\remcohoeneveld.nl\wwwroot\craft\app\services\TemplatesService.php(249): Craft\TemplatesService->getTwig()
#8 C:\domains\remcohoeneveld.nl\wwwroot\craft\app\controllers\BaseController.php(74): Craft\TemplatesService->render()
#9 C:\domains\remcohoeneveld.nl\wwwroot\craft\app\controllers\TemplatesController.php(68): Craft\TemplatesController->renderTemplate()
#10 unknown(0): Craft\TemplatesController->actionRender()
#11 C:\domains\remcohoeneveld.nl\wwwroot\craft\app\framework\web\actions\CAction.php(109): ReflectionMethod->invokeArgs()
#12 C:\domains\remcohoeneveld.nl\wwwroot\craft\app\framework\web\actions\CInlineAction.php(47): CInlineAction->runWithParamsInternal()
#13 C:\domains\remcohoeneveld.nl\wwwroot\craft\app\framework\web\CController.php(308): CInlineAction->runWithParams()
#14 C:\domains\remcohoeneveld.nl\wwwroot\craft\app\framework\web\CController.php(286): Craft\TemplatesController->runAction()
#15 C:\domains\remcohoeneveld.nl\wwwroot\craft\app\framework\web\CController.php(265): Craft\TemplatesController->runActionWithFilters()
#16 C:\domains\remcohoeneveld.nl\wwwroot\craft\app\framework\web\CWebApplication.php(282): Craft\TemplatesController->run()
#17 C:\domains\remcohoeneveld.nl\wwwroot\craft\app\framework\web\CWebApplication.php(141): Craft\WebApp->runController()
#18 C:\domains\remcohoeneveld.nl\wwwroot\craft\app\etc\web\WebApp.php(290): Craft\WebApp->processRequest()
#19 C:\domains\remcohoeneveld.nl\wwwroot\craft\app\framework\base\CApplication.php(185): Craft\WebApp->processRequest()
#20 C:\domains\remcohoeneveld.nl\wwwroot\craft\app\index.php(73): Craft\WebApp->run()
#21 C:\domains\remcohoeneveld.nl\wwwroot\public\index.php(19): require_once()
REQUEST_URI=/

******************************************************************************************************
2018/03/07 22:35:42 [error] [php] Wrong parameter count for class_alias() (C:\domains\remcohoeneveld.nl\wwwroot\craft\app\vendor\twig\twig\lib\Twig\LoaderInterface.php:57)
Stack trace:
#0 C:\domains\remcohoeneveld.nl\wwwroot\craft\app\vendor\composer\ClassLoader.php(414): include()
#1 C:\domains\remcohoeneveld.nl\wwwroot\craft\app\vendor\composer\ClassLoader.php(301): Composer\Autoload\includeFile()
#2 unknown(0): Composer\Autoload\ClassLoader->loadClass()
#3 C:\domains\remcohoeneveld.nl\wwwroot\craft\app\etc\templating\twigextensions\TemplateLoader.php(14): spl_autoload_call()
#4 C:\domains\remcohoeneveld.nl\wwwroot\craft\app\framework\YiiBase.php(405): include()
#5 unknown(0): autoload()
#6 C:\domains\remcohoeneveld.nl\wwwroot\craft\app\services\TemplatesService.php(169): spl_autoload_call()
#7 C:\domains\remcohoeneveld.nl\wwwroot\craft\app\services\TemplatesService.php(249): Craft\TemplatesService->getTwig()
#8 C:\domains\remcohoeneveld.nl\wwwroot\craft\app\controllers\BaseController.php(74): Craft\TemplatesService->render()
#9 C:\domains\remcohoeneveld.nl\wwwroot\craft\app\controllers\TemplatesController.php(68): Craft\TemplatesController->renderTemplate()
#10 unknown(0): Craft\TemplatesController->actionRender()
#11 C:\domains\remcohoeneveld.nl\wwwroot\craft\app\framework\web\actions\CAction.php(109): ReflectionMethod->invokeArgs()
#12 C:\domains\remcohoeneveld.nl\wwwroot\craft\app\framework\web\actions\CInlineAction.php(47): CInlineAction->runWithParamsInternal()
#13 C:\domains\remcohoeneveld.nl\wwwroot\craft\app\framework\web\CController.php(308): CInlineAction->runWithParams()
#14 C:\domains\remcohoeneveld.nl\wwwroot\craft\app\framework\web\CController.php(286): Craft\TemplatesController->runAction()
#15 C:\domains\remcohoeneveld.nl\wwwroot\craft\app\framework\web\CController.php(265): Craft\TemplatesController->runActionWithFilters()
#16 C:\domains\remcohoeneveld.nl\wwwroot\craft\app\framework\web\CWebApplication.php(282): Craft\TemplatesController->run()
#17 C:\domains\remcohoeneveld.nl\wwwroot\craft\app\framework\web\CWebApplication.php(141): Craft\WebApp->runController()
#18 C:\domains\remcohoeneveld.nl\wwwroot\craft\app\etc\web\WebApp.php(290): Craft\WebApp->processRequest()
#19 C:\domains\remcohoeneveld.nl\wwwroot\craft\app\framework\base\CApplication.php(185): Craft\WebApp->processRequest()
#20 C:\domains\remcohoeneveld.nl\wwwroot\craft\app\index.php(73): Craft\WebApp->run()
#21 C:\domains\remcohoeneveld.nl\wwwroot\public\index.php(19): require_once()
REQUEST_URI=/

******************************************************************************************************
2018/03/07 22:35:43 [error] [php] Wrong parameter count for class_alias() (C:\domains\remcohoeneveld.nl\wwwroot\craft\app\vendor\twig\twig\lib\Twig\LoaderInterface.php:57)
Stack trace:
#0 C:\domains\remcohoeneveld.nl\wwwroot\craft\app\vendor\composer\ClassLoader.php(414): include()
#1 C:\domains\remcohoeneveld.nl\wwwroot\craft\app\vendor\composer\ClassLoader.php(301): Composer\Autoload\includeFile()
#2 unknown(0): Composer\Autoload\ClassLoader->loadClass()
#3 C:\domains\remcohoeneveld.nl\wwwroot\craft\app\etc\templating\twigextensions\TemplateLoader.php(14): spl_autoload_call()
#4 C:\domains\remcohoeneveld.nl\wwwroot\craft\app\framework\YiiBase.php(405): include()
#5 unknown(0): autoload()
#6 C:\domains\remcohoeneveld.nl\wwwroot\craft\app\services\TemplatesService.php(169): spl_autoload_call()
#7 C:\domains\remcohoeneveld.nl\wwwroot\craft\app\services\TemplatesService.php(249): Craft\TemplatesService->getTwig()
#8 C:\domains\remcohoeneveld.nl\wwwroot\craft\app\controllers\BaseController.php(74): Craft\TemplatesService->render()
#9 C:\domains\remcohoeneveld.nl\wwwroot\craft\app\controllers\TemplatesController.php(68): Craft\TemplatesController->renderTemplate()
#10 unknown(0): Craft\TemplatesController->actionRender()
#11 C:\domains\remcohoeneveld.nl\wwwroot\craft\app\framework\web\actions\CAction.php(109): ReflectionMethod->invokeArgs()
#12 C:\domains\remcohoeneveld.nl\wwwroot\craft\app\framework\web\actions\CInlineAction.php(47): CInlineAction->runWithParamsInternal()
#13 C:\domains\remcohoeneveld.nl\wwwroot\craft\app\framework\web\CController.php(308): CInlineAction->runWithParams()
#14 C:\domains\remcohoeneveld.nl\wwwroot\craft\app\framework\web\CController.php(286): Craft\TemplatesController->runAction()
#15 C:\domains\remcohoeneveld.nl\wwwroot\craft\app\framework\web\CController.php(265): Craft\TemplatesController->runActionWithFilters()
#16 C:\domains\remcohoeneveld.nl\wwwroot\craft\app\framework\web\CWebApplication.php(282): Craft\TemplatesController->run()
#17 C:\domains\remcohoeneveld.nl\wwwroot\craft\app\framework\web\CWebApplication.php(141): Craft\WebApp->runController()
#18 C:\domains\remcohoeneveld.nl\wwwroot\craft\app\etc\web\WebApp.php(290): Craft\WebApp->processRequest()
#19 C:\domains\remcohoeneveld.nl\wwwroot\craft\app\framework\base\CApplication.php(185): Craft\WebApp->processRequest()
#20 C:\domains\remcohoeneveld.nl\wwwroot\craft\app\index.php(73): Craft\WebApp->run()
#21 C:\domains\remcohoeneveld.nl\wwwroot\public\index.php(19): require_once()
REQUEST_URI=/

******************************************************************************************************
2018/03/07 22:35:43 [error] [php] Wrong parameter count for class_alias() (C:\domains\remcohoeneveld.nl\wwwroot\craft\app\vendor\twig\twig\lib\Twig\LoaderInterface.php:57)
Stack trace:
#0 C:\domains\remcohoeneveld.nl\wwwroot\craft\app\vendor\composer\ClassLoader.php(414): include()
#1 C:\domains\remcohoeneveld.nl\wwwroot\craft\app\vendor\composer\ClassLoader.php(301): Composer\Autoload\includeFile()
#2 unknown(0): Composer\Autoload\ClassLoader->loadClass()
#3 C:\domains\remcohoeneveld.nl\wwwroot\craft\app\etc\templating\twigextensions\TemplateLoader.php(14): spl_autoload_call()
#4 C:\domains\remcohoeneveld.nl\wwwroot\craft\app\framework\YiiBase.php(405): include()
#5 unknown(0): autoload()
#6 C:\domains\remcohoeneveld.nl\wwwroot\craft\app\services\TemplatesService.php(169): spl_autoload_call()
#7 C:\domains\remcohoeneveld.nl\wwwroot\craft\app\services\TemplatesService.php(249): Craft\TemplatesService->getTwig()
#8 C:\domains\remcohoeneveld.nl\wwwroot\craft\app\controllers\BaseController.php(74): Craft\TemplatesService->render()
#9 C:\domains\remcohoeneveld.nl\wwwroot\craft\app\controllers\TemplatesController.php(68): Craft\TemplatesController->renderTemplate()
#10 unknown(0): Craft\TemplatesController->actionRender()
#11 C:\domains\remcohoeneveld.nl\wwwroot\craft\app\framework\web\actions\CAction.php(109): ReflectionMethod->invokeArgs()
#12 C:\domains\remcohoeneveld.nl\wwwroot\craft\app\framework\web\actions\CInlineAction.php(47): CInlineAction->runWithParamsInternal()
#13 C:\domains\remcohoeneveld.nl\wwwroot\craft\app\framework\web\CController.php(308): CInlineAction->runWithParams()
#14 C:\domains\remcohoeneveld.nl\wwwroot\craft\app\framework\web\CController.php(286): Craft\TemplatesController->runAction()
#15 C:\domains\remcohoeneveld.nl\wwwroot\craft\app\framework\web\CController.php(265): Craft\TemplatesController->runActionWithFilters()
#16 C:\domains\remcohoeneveld.nl\wwwroot\craft\app\framework\web\CWebApplication.php(282): Craft\TemplatesController->run()
#17 C:\domains\remcohoeneveld.nl\wwwroot\craft\app\framework\web\CWebApplication.php(141): Craft\WebApp->runController()
#18 C:\domains\remcohoeneveld.nl\wwwroot\craft\app\etc\web\WebApp.php(290): Craft\WebApp->processRequest()
#19 C:\domains\remcohoeneveld.nl\wwwroot\craft\app\framework\base\CApplication.php(185): Craft\WebApp->processRequest()
#20 C:\domains\remcohoeneveld.nl\wwwroot\craft\app\index.php(73): Craft\WebApp->run()
#21 C:\domains\remcohoeneveld.nl\wwwroot\public\index.php(19): require_once()
REQUEST_URI=/

******************************************************************************************************
2018/03/07 22:35:44 [error] [php] Wrong parameter count for class_alias() (C:\domains\remcohoeneveld.nl\wwwroot\craft\app\vendor\twig\twig\lib\Twig\LoaderInterface.php:57)
Stack trace:
#0 C:\domains\remcohoeneveld.nl\wwwroot\craft\app\vendor\composer\ClassLoader.php(414): include()
#1 C:\domains\remcohoeneveld.nl\wwwroot\craft\app\vendor\composer\ClassLoader.php(301): Composer\Autoload\includeFile()
#2 unknown(0): Composer\Autoload\ClassLoader->loadClass()
#3 C:\domains\remcohoeneveld.nl\wwwroot\craft\app\etc\templating\twigextensions\TemplateLoader.php(14): spl_autoload_call()
#4 C:\domains\remcohoeneveld.nl\wwwroot\craft\app\framework\YiiBase.php(405): include()
#5 unknown(0): autoload()
#6 C:\domains\remcohoeneveld.nl\wwwroot\craft\app\services\TemplatesService.php(169): spl_autoload_call()
#7 C:\domains\remcohoeneveld.nl\wwwroot\craft\app\services\TemplatesService.php(249): Craft\TemplatesService->getTwig()
#8 C:\domains\remcohoeneveld.nl\wwwroot\craft\app\controllers\BaseController.php(74): Craft\TemplatesService->render()
#9 C:\domains\remcohoeneveld.nl\wwwroot\craft\app\controllers\TemplatesController.php(68): Craft\TemplatesController->renderTemplate()
#10 unknown(0): Craft\TemplatesController->actionRender()
#11 C:\domains\remcohoeneveld.nl\wwwroot\craft\app\framework\web\actions\CAction.php(109): ReflectionMethod->invokeArgs()
#12 C:\domains\remcohoeneveld.nl\wwwroot\craft\app\framework\web\actions\CInlineAction.php(47): CInlineAction->runWithParamsInternal()
#13 C:\domains\remcohoeneveld.nl\wwwroot\craft\app\framework\web\CController.php(308): CInlineAction->runWithParams()
#14 C:\domains\remcohoeneveld.nl\wwwroot\craft\app\framework\web\CController.php(286): Craft\TemplatesController->runAction()
#15 C:\domains\remcohoeneveld.nl\wwwroot\craft\app\framework\web\CController.php(265): Craft\TemplatesController->runActionWithFilters()
#16 C:\domains\remcohoeneveld.nl\wwwroot\craft\app\framework\web\CWebApplication.php(282): Craft\TemplatesController->run()
#17 C:\domains\remcohoeneveld.nl\wwwroot\craft\app\framework\web\CWebApplication.php(141): Craft\WebApp->runController()
#18 C:\domains\remcohoeneveld.nl\wwwroot\craft\app\etc\web\WebApp.php(290): Craft\WebApp->processRequest()
#19 C:\domains\remcohoeneveld.nl\wwwroot\craft\app\framework\base\CApplication.php(185): Craft\WebApp->processRequest()
#20 C:\domains\remcohoeneveld.nl\wwwroot\craft\app\index.php(73): Craft\WebApp->run()
#21 C:\domains\remcohoeneveld.nl\wwwroot\public\index.php(19): require_once()
REQUEST_URI=/

******************************************************************************************************
2018/03/07 22:36:41 [error] [php] Wrong parameter count for class_alias() (C:\domains\remcohoeneveld.nl\wwwroot\craft\app\vendor\twig\twig\lib\Twig\LoaderInterface.php:57)
Stack trace:
#0 C:\domains\remcohoeneveld.nl\wwwroot\craft\app\vendor\composer\ClassLoader.php(414): include()
#1 C:\domains\remcohoeneveld.nl\wwwroot\craft\app\vendor\composer\ClassLoader.php(301): Composer\Autoload\includeFile()
#2 unknown(0): Composer\Autoload\ClassLoader->loadClass()
#3 C:\domains\remcohoeneveld.nl\wwwroot\craft\app\etc\templating\twigextensions\TemplateLoader.php(14): spl_autoload_call()
#4 C:\domains\remcohoeneveld.nl\wwwroot\craft\app\framework\YiiBase.php(405): include()
#5 unknown(0): autoload()
#6 C:\domains\remcohoeneveld.nl\wwwroot\craft\app\services\TemplatesService.php(169): spl_autoload_call()
#7 C:\domains\remcohoeneveld.nl\wwwroot\craft\app\services\TemplatesService.php(249): Craft\TemplatesService->getTwig()
#8 C:\domains\remcohoeneveld.nl\wwwroot\craft\app\controllers\BaseController.php(74): Craft\TemplatesService->render()
#9 C:\domains\remcohoeneveld.nl\wwwroot\craft\app\controllers\TemplatesController.php(68): Craft\TemplatesController->renderTemplate()
#10 unknown(0): Craft\TemplatesController->actionRender()
#11 C:\domains\remcohoeneveld.nl\wwwroot\craft\app\framework\web\actions\CAction.php(109): ReflectionMethod->invokeArgs()
#12 C:\domains\remcohoeneveld.nl\wwwroot\craft\app\framework\web\actions\CInlineAction.php(47): CInlineAction->runWithParamsInternal()
#13 C:\domains\remcohoeneveld.nl\wwwroot\craft\app\framework\web\CController.php(308): CInlineAction->runWithParams()
#14 C:\domains\remcohoeneveld.nl\wwwroot\craft\app\framework\web\CController.php(286): Craft\TemplatesController->runAction()
#15 C:\domains\remcohoeneveld.nl\wwwroot\craft\app\framework\web\CController.php(265): Craft\TemplatesController->runActionWithFilters()
#16 C:\domains\remcohoeneveld.nl\wwwroot\craft\app\framework\web\CWebApplication.php(282): Craft\TemplatesController->run()
#17 C:\domains\remcohoeneveld.nl\wwwroot\craft\app\framework\web\CWebApplication.php(141): Craft\WebApp->runController()
#18 C:\domains\remcohoeneveld.nl\wwwroot\craft\app\etc\web\WebApp.php(290): Craft\WebApp->processRequest()
#19 C:\domains\remcohoeneveld.nl\wwwroot\craft\app\framework\base\CApplication.php(185): Craft\WebApp->processRequest()
#20 C:\domains\remcohoeneveld.nl\wwwroot\craft\app\index.php(73): Craft\WebApp->run()
#21 C:\domains\remcohoeneveld.nl\wwwroot\public\index.php(19): require_once()
REQUEST_URI=/admin/login

******************************************************************************************************
2018/03/07 22:36:42 [error] [php] Wrong parameter count for class_alias() (C:\domains\remcohoeneveld.nl\wwwroot\craft\app\vendor\twig\twig\lib\Twig\LoaderInterface.php:57)
Stack trace:
#0 C:\domains\remcohoeneveld.nl\wwwroot\craft\app\vendor\composer\ClassLoader.php(414): include()
#1 C:\domains\remcohoeneveld.nl\wwwroot\craft\app\vendor\composer\ClassLoader.php(301): Composer\Autoload\includeFile()
#2 unknown(0): Composer\Autoload\ClassLoader->loadClass()
#3 C:\domains\remcohoeneveld.nl\wwwroot\craft\app\etc\templating\twigextensions\TemplateLoader.php(14): spl_autoload_call()
#4 C:\domains\remcohoeneveld.nl\wwwroot\craft\app\framework\YiiBase.php(405): include()
#5 unknown(0): autoload()
#6 C:\domains\remcohoeneveld.nl\wwwroot\craft\app\services\TemplatesService.php(169): spl_autoload_call()
#7 C:\domains\remcohoeneveld.nl\wwwroot\craft\app\services\TemplatesService.php(249): Craft\TemplatesService->getTwig()
#8 C:\domains\remcohoeneveld.nl\wwwroot\craft\app\controllers\BaseController.php(74): Craft\TemplatesService->render()
#9 C:\domains\remcohoeneveld.nl\wwwroot\craft\app\controllers\TemplatesController.php(68): Craft\TemplatesController->renderTemplate()
#10 unknown(0): Craft\TemplatesController->actionRender()
#11 C:\domains\remcohoeneveld.nl\wwwroot\craft\app\framework\web\actions\CAction.php(109): ReflectionMethod->invokeArgs()
#12 C:\domains\remcohoeneveld.nl\wwwroot\craft\app\framework\web\actions\CInlineAction.php(47): CInlineAction->runWithParamsInternal()
#13 C:\domains\remcohoeneveld.nl\wwwroot\craft\app\framework\web\CController.php(308): CInlineAction->runWithParams()
#14 C:\domains\remcohoeneveld.nl\wwwroot\craft\app\framework\web\CController.php(286): Craft\TemplatesController->runAction()
#15 C:\domains\remcohoeneveld.nl\wwwroot\craft\app\framework\web\CController.php(265): Craft\TemplatesController->runActionWithFilters()
#16 C:\domains\remcohoeneveld.nl\wwwroot\craft\app\framework\web\CWebApplication.php(282): Craft\TemplatesController->run()
#17 C:\domains\remcohoeneveld.nl\wwwroot\craft\app\framework\web\CWebApplication.php(141): Craft\WebApp->runController()
#18 C:\domains\remcohoeneveld.nl\wwwroot\craft\app\etc\web\WebApp.php(290): Craft\WebApp->processRequest()
#19 C:\domains\remcohoeneveld.nl\wwwroot\craft\app\framework\base\CApplication.php(185): Craft\WebApp->processRequest()
#20 C:\domains\remcohoeneveld.nl\wwwroot\craft\app\index.php(73): Craft\WebApp->run()
#21 C:\domains\remcohoeneveld.nl\wwwroot\public\index.php(19): require_once()
REQUEST_URI=/admin/login

******************************************************************************************************
2018/03/07 22:36:47 [error] [php] Wrong parameter count for class_alias() (C:\domains\remcohoeneveld.nl\wwwroot\craft\app\vendor\twig\twig\lib\Twig\LoaderInterface.php:57)
Stack trace:
#0 C:\domains\remcohoeneveld.nl\wwwroot\craft\app\vendor\composer\ClassLoader.php(414): include()
#1 C:\domains\remcohoeneveld.nl\wwwroot\craft\app\vendor\composer\ClassLoader.php(301): Composer\Autoload\includeFile()
#2 unknown(0): Composer\Autoload\ClassLoader->loadClass()
#3 C:\domains\remcohoeneveld.nl\wwwroot\craft\app\etc\templating\twigextensions\TemplateLoader.php(14): spl_autoload_call()
#4 C:\domains\remcohoeneveld.nl\wwwroot\craft\app\framework\YiiBase.php(405): include()
#5 unknown(0): autoload()
#6 C:\domains\remcohoeneveld.nl\wwwroot\craft\app\services\TemplatesService.php(169): spl_autoload_call()
#7 C:\domains\remcohoeneveld.nl\wwwroot\craft\app\services\TemplatesService.php(249): Craft\TemplatesService->getTwig()
#8 C:\domains\remcohoeneveld.nl\wwwroot\craft\app\controllers\BaseController.php(74): Craft\TemplatesService->render()
#9 C:\domains\remcohoeneveld.nl\wwwroot\craft\app\controllers\TemplatesController.php(68): Craft\TemplatesController->renderTemplate()
#10 unknown(0): Craft\TemplatesController->actionRender()
#11 C:\domains\remcohoeneveld.nl\wwwroot\craft\app\framework\web\actions\CAction.php(109): ReflectionMethod->invokeArgs()
#12 C:\domains\remcohoeneveld.nl\wwwroot\craft\app\framework\web\actions\CInlineAction.php(47): CInlineAction->runWithParamsInternal()
#13 C:\domains\remcohoeneveld.nl\wwwroot\craft\app\framework\web\CController.php(308): CInlineAction->runWithParams()
#14 C:\domains\remcohoeneveld.nl\wwwroot\craft\app\framework\web\CController.php(286): Craft\TemplatesController->runAction()
#15 C:\domains\remcohoeneveld.nl\wwwroot\craft\app\framework\web\CController.php(265): Craft\TemplatesController->runActionWithFilters()
#16 C:\domains\remcohoeneveld.nl\wwwroot\craft\app\framework\web\CWebApplication.php(282): Craft\TemplatesController->run()
#17 C:\domains\remcohoeneveld.nl\wwwroot\craft\app\framework\web\CWebApplication.php(141): Craft\WebApp->runController()
#18 C:\domains\remcohoeneveld.nl\wwwroot\craft\app\etc\web\WebApp.php(290): Craft\WebApp->processRequest()
#19 C:\domains\remcohoeneveld.nl\wwwroot\craft\app\framework\base\CApplication.php(185): Craft\WebApp->processRequest()
#20 C:\domains\remcohoeneveld.nl\wwwroot\craft\app\index.php(73): Craft\WebApp->run()
#21 C:\domains\remcohoeneveld.nl\wwwroot\public\index.php(19): require_once()
REQUEST_URI=/

******************************************************************************************************
2018/03/07 22:37:17 [error] [php] Wrong parameter count for class_alias() (C:\domains\remcohoeneveld.nl\wwwroot\craft\app\vendor\twig\twig\lib\Twig\LoaderInterface.php:57)
Stack trace:
#0 C:\domains\remcohoeneveld.nl\wwwroot\craft\app\vendor\composer\ClassLoader.php(414): include()
#1 C:\domains\remcohoeneveld.nl\wwwroot\craft\app\vendor\composer\ClassLoader.php(301): Composer\Autoload\includeFile()
#2 unknown(0): Composer\Autoload\ClassLoader->loadClass()
#3 C:\domains\remcohoeneveld.nl\wwwroot\craft\app\etc\templating\twigextensions\TemplateLoader.php(14): spl_autoload_call()
#4 C:\domains\remcohoeneveld.nl\wwwroot\craft\app\framework\YiiBase.php(405): include()
#5 unknown(0): autoload()
#6 C:\domains\remcohoeneveld.nl\wwwroot\craft\app\services\TemplatesService.php(169): spl_autoload_call()
#7 C:\domains\remcohoeneveld.nl\wwwroot\craft\app\services\TemplatesService.php(249): Craft\TemplatesService->getTwig()
#8 C:\domains\remcohoeneveld.nl\wwwroot\craft\app\controllers\BaseController.php(74): Craft\TemplatesService->render()
#9 C:\domains\remcohoeneveld.nl\wwwroot\craft\app\controllers\TemplatesController.php(68): Craft\TemplatesController->renderTemplate()
#10 unknown(0): Craft\TemplatesController->actionRender()
#11 C:\domains\remcohoeneveld.nl\wwwroot\craft\app\framework\web\actions\CAction.php(109): ReflectionMethod->invokeArgs()
#12 C:\domains\remcohoeneveld.nl\wwwroot\craft\app\framework\web\actions\CInlineAction.php(47): CInlineAction->runWithParamsInternal()
#13 C:\domains\remcohoeneveld.nl\wwwroot\craft\app\framework\web\CController.php(308): CInlineAction->runWithParams()
#14 C:\domains\remcohoeneveld.nl\wwwroot\craft\app\framework\web\CController.php(286): Craft\TemplatesController->runAction()
#15 C:\domains\remcohoeneveld.nl\wwwroot\craft\app\framework\web\CController.php(265): Craft\TemplatesController->runActionWithFilters()
#16 C:\domains\remcohoeneveld.nl\wwwroot\craft\app\framework\web\CWebApplication.php(282): Craft\TemplatesController->run()
#17 C:\domains\remcohoeneveld.nl\wwwroot\craft\app\framework\web\CWebApplication.php(141): Craft\WebApp->runController()
#18 C:\domains\remcohoeneveld.nl\wwwroot\craft\app\etc\web\WebApp.php(290): Craft\WebApp->processRequest()
#19 C:\domains\remcohoeneveld.nl\wwwroot\craft\app\framework\base\CApplication.php(185): Craft\WebApp->processRequest()
#20 C:\domains\remcohoeneveld.nl\wwwroot\craft\app\index.php(73): Craft\WebApp->run()
#21 C:\domains\remcohoeneveld.nl\wwwroot\public\index.php(19): require_once()
REQUEST_URI=/

******************************************************************************************************
2018/03/07 22:37:24 [error] [php] Wrong parameter count for class_alias() (C:\domains\remcohoeneveld.nl\wwwroot\craft\app\vendor\twig\twig\lib\Twig\LoaderInterface.php:57)
Stack trace:
#0 C:\domains\remcohoeneveld.nl\wwwroot\craft\app\vendor\composer\ClassLoader.php(414): include()
#1 C:\domains\remcohoeneveld.nl\wwwroot\craft\app\vendor\composer\ClassLoader.php(301): Composer\Autoload\includeFile()
#2 unknown(0): Composer\Autoload\ClassLoader->loadClass()
#3 C:\domains\remcohoeneveld.nl\wwwroot\craft\app\etc\templating\twigextensions\TemplateLoader.php(14): spl_autoload_call()
#4 C:\domains\remcohoeneveld.nl\wwwroot\craft\app\framework\YiiBase.php(405): include()
#5 unknown(0): autoload()
#6 C:\domains\remcohoeneveld.nl\wwwroot\craft\app\services\TemplatesService.php(169): spl_autoload_call()
#7 C:\domains\remcohoeneveld.nl\wwwroot\craft\app\services\TemplatesService.php(249): Craft\TemplatesService->getTwig()
#8 C:\domains\remcohoeneveld.nl\wwwroot\craft\app\controllers\BaseController.php(74): Craft\TemplatesService->render()
#9 C:\domains\remcohoeneveld.nl\wwwroot\craft\app\controllers\TemplatesController.php(68): Craft\TemplatesController->renderTemplate()
#10 unknown(0): Craft\TemplatesController->actionRender()
#11 C:\domains\remcohoeneveld.nl\wwwroot\craft\app\framework\web\actions\CAction.php(109): ReflectionMethod->invokeArgs()
#12 C:\domains\remcohoeneveld.nl\wwwroot\craft\app\framework\web\actions\CInlineAction.php(47): CInlineAction->runWithParamsInternal()
#13 C:\domains\remcohoeneveld.nl\wwwroot\craft\app\framework\web\CController.php(308): CInlineAction->runWithParams()
#14 C:\domains\remcohoeneveld.nl\wwwroot\craft\app\framework\web\CController.php(286): Craft\TemplatesController->runAction()
#15 C:\domains\remcohoeneveld.nl\wwwroot\craft\app\framework\web\CController.php(265): Craft\TemplatesController->runActionWithFilters()
#16 C:\domains\remcohoeneveld.nl\wwwroot\craft\app\framework\web\CWebApplication.php(282): Craft\TemplatesController->run()
#17 C:\domains\remcohoeneveld.nl\wwwroot\craft\app\framework\web\CWebApplication.php(141): Craft\WebApp->runController()
#18 C:\domains\remcohoeneveld.nl\wwwroot\craft\app\etc\web\WebApp.php(290): Craft\WebApp->processRequest()
#19 C:\domains\remcohoeneveld.nl\wwwroot\craft\app\framework\base\CApplication.php(185): Craft\WebApp->processRequest()
#20 C:\domains\remcohoeneveld.nl\wwwroot\craft\app\index.php(73): Craft\WebApp->run()
#21 C:\domains\remcohoeneveld.nl\wwwroot\public\index.php(19): require_once()
REQUEST_URI=/

******************************************************************************************************
2018/03/07 22:38:20 [error] [php] Wrong parameter count for class_alias() (C:\domains\remcohoeneveld.nl\wwwroot\craft\app\vendor\twig\twig\lib\Twig\LoaderInterface.php:57)
Stack trace:
#0 C:\domains\remcohoeneveld.nl\wwwroot\craft\app\vendor\composer\ClassLoader.php(414): include()
#1 C:\domains\remcohoeneveld.nl\wwwroot\craft\app\vendor\composer\ClassLoader.php(301): Composer\Autoload\includeFile()
#2 unknown(0): Composer\Autoload\ClassLoader->loadClass()
#3 C:\domains\remcohoeneveld.nl\wwwroot\craft\app\etc\templating\twigextensions\TemplateLoader.php(14): spl_autoload_call()
#4 C:\domains\remcohoeneveld.nl\wwwroot\craft\app\framework\YiiBase.php(405): include()
#5 unknown(0): autoload()
#6 C:\domains\remcohoeneveld.nl\wwwroot\craft\app\services\TemplatesService.php(169): spl_autoload_call()
#7 C:\domains\remcohoeneveld.nl\wwwroot\craft\app\services\TemplatesService.php(249): Craft\TemplatesService->getTwig()
#8 C:\domains\remcohoeneveld.nl\wwwroot\craft\app\controllers\BaseController.php(74): Craft\TemplatesService->render()
#9 C:\domains\remcohoeneveld.nl\wwwroot\craft\app\controllers\TemplatesController.php(68): Craft\TemplatesController->renderTemplate()
#10 unknown(0): Craft\TemplatesController->actionRender()
#11 C:\domains\remcohoeneveld.nl\wwwroot\craft\app\framework\web\actions\CAction.php(109): ReflectionMethod->invokeArgs()
#12 C:\domains\remcohoeneveld.nl\wwwroot\craft\app\framework\web\actions\CInlineAction.php(47): CInlineAction->runWithParamsInternal()
#13 C:\domains\remcohoeneveld.nl\wwwroot\craft\app\framework\web\CController.php(308): CInlineAction->runWithParams()
#14 C:\domains\remcohoeneveld.nl\wwwroot\craft\app\framework\web\CController.php(286): Craft\TemplatesController->runAction()
#15 C:\domains\remcohoeneveld.nl\wwwroot\craft\app\framework\web\CController.php(265): Craft\TemplatesController->runActionWithFilters()
#16 C:\domains\remcohoeneveld.nl\wwwroot\craft\app\framework\web\CWebApplication.php(282): Craft\TemplatesController->run()
#17 C:\domains\remcohoeneveld.nl\wwwroot\craft\app\framework\web\CWebApplication.php(141): Craft\WebApp->runController()
#18 C:\domains\remcohoeneveld.nl\wwwroot\craft\app\etc\web\WebApp.php(290): Craft\WebApp->processRequest()
#19 C:\domains\remcohoeneveld.nl\wwwroot\craft\app\framework\base\CApplication.php(185): Craft\WebApp->processRequest()
#20 C:\domains\remcohoeneveld.nl\wwwroot\craft\app\index.php(73): Craft\WebApp->run()
#21 C:\domains\remcohoeneveld.nl\wwwroot\public\index.php(19): require_once()
REQUEST_URI=/

******************************************************************************************************
2018/03/07 22:38:22 [error] [php] Wrong parameter count for class_alias() (C:\domains\remcohoeneveld.nl\wwwroot\craft\app\vendor\twig\twig\lib\Twig\LoaderInterface.php:57)
Stack trace:
#0 C:\domains\remcohoeneveld.nl\wwwroot\craft\app\vendor\composer\ClassLoader.php(414): include()
#1 C:\domains\remcohoeneveld.nl\wwwroot\craft\app\vendor\composer\ClassLoader.php(301): Composer\Autoload\includeFile()
#2 unknown(0): Composer\Autoload\ClassLoader->loadClass()
#3 C:\domains\remcohoeneveld.nl\wwwroot\craft\app\etc\templating\twigextensions\TemplateLoader.php(14): spl_autoload_call()
#4 C:\domains\remcohoeneveld.nl\wwwroot\craft\app\framework\YiiBase.php(405): include()
#5 unknown(0): autoload()
#6 C:\domains\remcohoeneveld.nl\wwwroot\craft\app\services\TemplatesService.php(169): spl_autoload_call()
#7 C:\domains\remcohoeneveld.nl\wwwroot\craft\app\services\TemplatesService.php(249): Craft\TemplatesService->getTwig()
#8 C:\domains\remcohoeneveld.nl\wwwroot\craft\app\controllers\BaseController.php(74): Craft\TemplatesService->render()
#9 C:\domains\remcohoeneveld.nl\wwwroot\craft\app\controllers\TemplatesController.php(68): Craft\TemplatesController->renderTemplate()
#10 unknown(0): Craft\TemplatesController->actionRender()
#11 C:\domains\remcohoeneveld.nl\wwwroot\craft\app\framework\web\actions\CAction.php(109): ReflectionMethod->invokeArgs()
#12 C:\domains\remcohoeneveld.nl\wwwroot\craft\app\framework\web\actions\CInlineAction.php(47): CInlineAction->runWithParamsInternal()
#13 C:\domains\remcohoeneveld.nl\wwwroot\craft\app\framework\web\CController.php(308): CInlineAction->runWithParams()
#14 C:\domains\remcohoeneveld.nl\wwwroot\craft\app\framework\web\CController.php(286): Craft\TemplatesController->runAction()
#15 C:\domains\remcohoeneveld.nl\wwwroot\craft\app\framework\web\CController.php(265): Craft\TemplatesController->runActionWithFilters()
#16 C:\domains\remcohoeneveld.nl\wwwroot\craft\app\framework\web\CWebApplication.php(282): Craft\TemplatesController->run()
#17 C:\domains\remcohoeneveld.nl\wwwroot\craft\app\framework\web\CWebApplication.php(141): Craft\WebApp->runController()
#18 C:\domains\remcohoeneveld.nl\wwwroot\craft\app\etc\web\WebApp.php(290): Craft\WebApp->processRequest()
#19 C:\domains\remcohoeneveld.nl\wwwroot\craft\app\framework\base\CApplication.php(185): Craft\WebApp->processRequest()
#20 C:\domains\remcohoeneveld.nl\wwwroot\craft\app\index.php(73): Craft\WebApp->run()
#21 C:\domains\remcohoeneveld.nl\wwwroot\public\index.php(19): require_once()
REQUEST_URI=/

******************************************************************************************************
2018/03/07 22:38:23 [error] [php] Wrong parameter count for class_alias() (C:\domains\remcohoeneveld.nl\wwwroot\craft\app\vendor\twig\twig\lib\Twig\LoaderInterface.php:57)
Stack trace:
#0 C:\domains\remcohoeneveld.nl\wwwroot\craft\app\vendor\composer\ClassLoader.php(414): include()
#1 C:\domains\remcohoeneveld.nl\wwwroot\craft\app\vendor\composer\ClassLoader.php(301): Composer\Autoload\includeFile()
#2 unknown(0): Composer\Autoload\ClassLoader->loadClass()
#3 C:\domains\remcohoeneveld.nl\wwwroot\craft\app\etc\templating\twigextensions\TemplateLoader.php(14): spl_autoload_call()
#4 C:\domains\remcohoeneveld.nl\wwwroot\craft\app\framework\YiiBase.php(405): include()
#5 unknown(0): autoload()
#6 C:\domains\remcohoeneveld.nl\wwwroot\craft\app\services\TemplatesService.php(169): spl_autoload_call()
#7 C:\domains\remcohoeneveld.nl\wwwroot\craft\app\services\TemplatesService.php(249): Craft\TemplatesService->getTwig()
#8 C:\domains\remcohoeneveld.nl\wwwroot\craft\app\controllers\BaseController.php(74): Craft\TemplatesService->render()
#9 C:\domains\remcohoeneveld.nl\wwwroot\craft\app\controllers\TemplatesController.php(68): Craft\TemplatesController->renderTemplate()
#10 unknown(0): Craft\TemplatesController->actionRender()
#11 C:\domains\remcohoeneveld.nl\wwwroot\craft\app\framework\web\actions\CAction.php(109): ReflectionMethod->invokeArgs()
#12 C:\domains\remcohoeneveld.nl\wwwroot\craft\app\framework\web\actions\CInlineAction.php(47): CInlineAction->runWithParamsInternal()
#13 C:\domains\remcohoeneveld.nl\wwwroot\craft\app\framework\web\CController.php(308): CInlineAction->runWithParams()
#14 C:\domains\remcohoeneveld.nl\wwwroot\craft\app\framework\web\CController.php(286): Craft\TemplatesController->runAction()
#15 C:\domains\remcohoeneveld.nl\wwwroot\craft\app\framework\web\CController.php(265): Craft\TemplatesController->runActionWithFilters()
#16 C:\domains\remcohoeneveld.nl\wwwroot\craft\app\framework\web\CWebApplication.php(282): Craft\TemplatesController->run()
#17 C:\domains\remcohoeneveld.nl\wwwroot\craft\app\framework\web\CWebApplication.php(141): Craft\WebApp->runController()
#18 C:\domains\remcohoeneveld.nl\wwwroot\craft\app\etc\web\WebApp.php(290): Craft\WebApp->processRequest()
#19 C:\domains\remcohoeneveld.nl\wwwroot\craft\app\framework\base\CApplication.php(185): Craft\WebApp->processRequest()
#20 C:\domains\remcohoeneveld.nl\wwwroot\craft\app\index.php(73): Craft\WebApp->run()
#21 C:\domains\remcohoeneveld.nl\wwwroot\public\index.php(19): require_once()
REQUEST_URI=/

******************************************************************************************************
2018/03/07 22:38:24 [error] [php] Wrong parameter count for class_alias() (C:\domains\remcohoeneveld.nl\wwwroot\craft\app\vendor\twig\twig\lib\Twig\LoaderInterface.php:57)
Stack trace:
#0 C:\domains\remcohoeneveld.nl\wwwroot\craft\app\vendor\composer\ClassLoader.php(414): include()
#1 C:\domains\remcohoeneveld.nl\wwwroot\craft\app\vendor\composer\ClassLoader.php(301): Composer\Autoload\includeFile()
#2 unknown(0): Composer\Autoload\ClassLoader->loadClass()
#3 C:\domains\remcohoeneveld.nl\wwwroot\craft\app\etc\templating\twigextensions\TemplateLoader.php(14): spl_autoload_call()
#4 C:\domains\remcohoeneveld.nl\wwwroot\craft\app\framework\YiiBase.php(405): include()
#5 unknown(0): autoload()
#6 C:\domains\remcohoeneveld.nl\wwwroot\craft\app\services\TemplatesService.php(169): spl_autoload_call()
#7 C:\domains\remcohoeneveld.nl\wwwroot\craft\app\services\TemplatesService.php(249): Craft\TemplatesService->getTwig()
#8 C:\domains\remcohoeneveld.nl\wwwroot\craft\app\controllers\BaseController.php(74): Craft\TemplatesService->render()
#9 C:\domains\remcohoeneveld.nl\wwwroot\craft\app\controllers\TemplatesController.php(68): Craft\TemplatesController->renderTemplate()
#10 unknown(0): Craft\TemplatesController->actionRender()
#11 C:\domains\remcohoeneveld.nl\wwwroot\craft\app\framework\web\actions\CAction.php(109): ReflectionMethod->invokeArgs()
#12 C:\domains\remcohoeneveld.nl\wwwroot\craft\app\framework\web\actions\CInlineAction.php(47): CInlineAction->runWithParamsInternal()
#13 C:\domains\remcohoeneveld.nl\wwwroot\craft\app\framework\web\CController.php(308): CInlineAction->runWithParams()
#14 C:\domains\remcohoeneveld.nl\wwwroot\craft\app\framework\web\CController.php(286): Craft\TemplatesController->runAction()
#15 C:\domains\remcohoeneveld.nl\wwwroot\craft\app\framework\web\CController.php(265): Craft\TemplatesController->runActionWithFilters()
#16 C:\domains\remcohoeneveld.nl\wwwroot\craft\app\framework\web\CWebApplication.php(282): Craft\TemplatesController->run()
#17 C:\domains\remcohoeneveld.nl\wwwroot\craft\app\framework\web\CWebApplication.php(141): Craft\WebApp->runController()
#18 C:\domains\remcohoeneveld.nl\wwwroot\craft\app\etc\web\WebApp.php(290): Craft\WebApp->processRequest()
#19 C:\domains\remcohoeneveld.nl\wwwroot\craft\app\framework\base\CApplication.php(185): Craft\WebApp->processRequest()
#20 C:\domains\remcohoeneveld.nl\wwwroot\craft\app\index.php(73): Craft\WebApp->run()
#21 C:\domains\remcohoeneveld.nl\wwwroot\public\index.php(19): require_once()
REQUEST_URI=/

******************************************************************************************************
2018/03/07 22:38:25 [error] [php] Wrong parameter count for class_alias() (C:\domains\remcohoeneveld.nl\wwwroot\craft\app\vendor\twig\twig\lib\Twig\LoaderInterface.php:57)
Stack trace:
#0 C:\domains\remcohoeneveld.nl\wwwroot\craft\app\vendor\composer\ClassLoader.php(414): include()
#1 C:\domains\remcohoeneveld.nl\wwwroot\craft\app\vendor\composer\ClassLoader.php(301): Composer\Autoload\includeFile()
#2 unknown(0): Composer\Autoload\ClassLoader->loadClass()
#3 C:\domains\remcohoeneveld.nl\wwwroot\craft\app\etc\templating\twigextensions\TemplateLoader.php(14): spl_autoload_call()
#4 C:\domains\remcohoeneveld.nl\wwwroot\craft\app\framework\YiiBase.php(405): include()
#5 unknown(0): autoload()
#6 C:\domains\remcohoeneveld.nl\wwwroot\craft\app\services\TemplatesService.php(169): spl_autoload_call()
#7 C:\domains\remcohoeneveld.nl\wwwroot\craft\app\services\TemplatesService.php(249): Craft\TemplatesService->getTwig()
#8 C:\domains\remcohoeneveld.nl\wwwroot\craft\app\controllers\BaseController.php(74): Craft\TemplatesService->render()
#9 C:\domains\remcohoeneveld.nl\wwwroot\craft\app\controllers\TemplatesController.php(68): Craft\TemplatesController->renderTemplate()
#10 unknown(0): Craft\TemplatesController->actionRender()
#11 C:\domains\remcohoeneveld.nl\wwwroot\craft\app\framework\web\actions\CAction.php(109): ReflectionMethod->invokeArgs()
#12 C:\domains\remcohoeneveld.nl\wwwroot\craft\app\framework\web\actions\CInlineAction.php(47): CInlineAction->runWithParamsInternal()
#13 C:\domains\remcohoeneveld.nl\wwwroot\craft\app\framework\web\CController.php(308): CInlineAction->runWithParams()
#14 C:\domains\remcohoeneveld.nl\wwwroot\craft\app\framework\web\CController.php(286): Craft\TemplatesController->runAction()
#15 C:\domains\remcohoeneveld.nl\wwwroot\craft\app\framework\web\CController.php(265): Craft\TemplatesController->runActionWithFilters()
#16 C:\domains\remcohoeneveld.nl\wwwroot\craft\app\framework\web\CWebApplication.php(282): Craft\TemplatesController->run()
#17 C:\domains\remcohoeneveld.nl\wwwroot\craft\app\framework\web\CWebApplication.php(141): Craft\WebApp->runController()
#18 C:\domains\remcohoeneveld.nl\wwwroot\craft\app\etc\web\WebApp.php(290): Craft\WebApp->processRequest()
#19 C:\domains\remcohoeneveld.nl\wwwroot\craft\app\framework\base\CApplication.php(185): Craft\WebApp->processRequest()
#20 C:\domains\remcohoeneveld.nl\wwwroot\craft\app\index.php(73): Craft\WebApp->run()
#21 C:\domains\remcohoeneveld.nl\wwwroot\public\index.php(19): require_once()
REQUEST_URI=/

******************************************************************************************************
2018/03/07 22:38:25 [error] [php] Wrong parameter count for class_alias() (C:\domains\remcohoeneveld.nl\wwwroot\craft\app\vendor\twig\twig\lib\Twig\LoaderInterface.php:57)
Stack trace:
#0 C:\domains\remcohoeneveld.nl\wwwroot\craft\app\vendor\composer\ClassLoader.php(414): include()
#1 C:\domains\remcohoeneveld.nl\wwwroot\craft\app\vendor\composer\ClassLoader.php(301): Composer\Autoload\includeFile()
#2 unknown(0): Composer\Autoload\ClassLoader->loadClass()
#3 C:\domains\remcohoeneveld.nl\wwwroot\craft\app\etc\templating\twigextensions\TemplateLoader.php(14): spl_autoload_call()
#4 C:\domains\remcohoeneveld.nl\wwwroot\craft\app\framework\YiiBase.php(405): include()
#5 unknown(0): autoload()
#6 C:\domains\remcohoeneveld.nl\wwwroot\craft\app\services\TemplatesService.php(169): spl_autoload_call()
#7 C:\domains\remcohoeneveld.nl\wwwroot\craft\app\services\TemplatesService.php(249): Craft\TemplatesService->getTwig()
#8 C:\domains\remcohoeneveld.nl\wwwroot\craft\app\controllers\BaseController.php(74): Craft\TemplatesService->render()
#9 C:\domains\remcohoeneveld.nl\wwwroot\craft\app\controllers\TemplatesController.php(68): Craft\TemplatesController->renderTemplate()
#10 unknown(0): Craft\TemplatesController->actionRender()
#11 C:\domains\remcohoeneveld.nl\wwwroot\craft\app\framework\web\actions\CAction.php(109): ReflectionMethod->invokeArgs()
#12 C:\domains\remcohoeneveld.nl\wwwroot\craft\app\framework\web\actions\CInlineAction.php(47): CInlineAction->runWithParamsInternal()
#13 C:\domains\remcohoeneveld.nl\wwwroot\craft\app\framework\web\CController.php(308): CInlineAction->runWithParams()
#14 C:\domains\remcohoeneveld.nl\wwwroot\craft\app\framework\web\CController.php(286): Craft\TemplatesController->runAction()
#15 C:\domains\remcohoeneveld.nl\wwwroot\craft\app\framework\web\CController.php(265): Craft\TemplatesController->runActionWithFilters()
#16 C:\domains\remcohoeneveld.nl\wwwroot\craft\app\framework\web\CWebApplication.php(282): Craft\TemplatesController->run()
#17 C:\domains\remcohoeneveld.nl\wwwroot\craft\app\framework\web\CWebApplication.php(141): Craft\WebApp->runController()
#18 C:\domains\remcohoeneveld.nl\wwwroot\craft\app\etc\web\WebApp.php(290): Craft\WebApp->processRequest()
#19 C:\domains\remcohoeneveld.nl\wwwroot\craft\app\framework\base\CApplication.php(185): Craft\WebApp->processRequest()
#20 C:\domains\remcohoeneveld.nl\wwwroot\craft\app\index.php(73): Craft\WebApp->run()
#21 C:\domains\remcohoeneveld.nl\wwwroot\public\index.php(19): require_once()
REQUEST_URI=/

******************************************************************************************************
2018/03/07 22:38:26 [error] [php] Wrong parameter count for class_alias() (C:\domains\remcohoeneveld.nl\wwwroot\craft\app\vendor\twig\twig\lib\Twig\LoaderInterface.php:57)
Stack trace:
#0 C:\domains\remcohoeneveld.nl\wwwroot\craft\app\vendor\composer\ClassLoader.php(414): include()
#1 C:\domains\remcohoeneveld.nl\wwwroot\craft\app\vendor\composer\ClassLoader.php(301): Composer\Autoload\includeFile()
#2 unknown(0): Composer\Autoload\ClassLoader->loadClass()
#3 C:\domains\remcohoeneveld.nl\wwwroot\craft\app\etc\templating\twigextensions\TemplateLoader.php(14): spl_autoload_call()
#4 C:\domains\remcohoeneveld.nl\wwwroot\craft\app\framework\YiiBase.php(405): include()
#5 unknown(0): autoload()
#6 C:\domains\remcohoeneveld.nl\wwwroot\craft\app\services\TemplatesService.php(169): spl_autoload_call()
#7 C:\domains\remcohoeneveld.nl\wwwroot\craft\app\services\TemplatesService.php(249): Craft\TemplatesService->getTwig()
#8 C:\domains\remcohoeneveld.nl\wwwroot\craft\app\controllers\BaseController.php(74): Craft\TemplatesService->render()
#9 C:\domains\remcohoeneveld.nl\wwwroot\craft\app\controllers\TemplatesController.php(68): Craft\TemplatesController->renderTemplate()
#10 unknown(0): Craft\TemplatesController->actionRender()
#11 C:\domains\remcohoeneveld.nl\wwwroot\craft\app\framework\web\actions\CAction.php(109): ReflectionMethod->invokeArgs()
#12 C:\domains\remcohoeneveld.nl\wwwroot\craft\app\framework\web\actions\CInlineAction.php(47): CInlineAction->runWithParamsInternal()
#13 C:\domains\remcohoeneveld.nl\wwwroot\craft\app\framework\web\CController.php(308): CInlineAction->runWithParams()
#14 C:\domains\remcohoeneveld.nl\wwwroot\craft\app\framework\web\CController.php(286): Craft\TemplatesController->runAction()
#15 C:\domains\remcohoeneveld.nl\wwwroot\craft\app\framework\web\CController.php(265): Craft\TemplatesController->runActionWithFilters()
#16 C:\domains\remcohoeneveld.nl\wwwroot\craft\app\framework\web\CWebApplication.php(282): Craft\TemplatesController->run()
#17 C:\domains\remcohoeneveld.nl\wwwroot\craft\app\framework\web\CWebApplication.php(141): Craft\WebApp->runController()
#18 C:\domains\remcohoeneveld.nl\wwwroot\craft\app\etc\web\WebApp.php(290): Craft\WebApp->processRequest()
#19 C:\domains\remcohoeneveld.nl\wwwroot\craft\app\framework\base\CApplication.php(185): Craft\WebApp->processRequest()
#20 C:\domains\remcohoeneveld.nl\wwwroot\craft\app\index.php(73): Craft\WebApp->run()
#21 C:\domains\remcohoeneveld.nl\wwwroot\public\index.php(19): require_once()
REQUEST_URI=/

******************************************************************************************************
2018/03/07 22:38:26 [error] [php] Wrong parameter count for class_alias() (C:\domains\remcohoeneveld.nl\wwwroot\craft\app\vendor\twig\twig\lib\Twig\LoaderInterface.php:57)
Stack trace:
#0 C:\domains\remcohoeneveld.nl\wwwroot\craft\app\vendor\composer\ClassLoader.php(414): include()
#1 C:\domains\remcohoeneveld.nl\wwwroot\craft\app\vendor\composer\ClassLoader.php(301): Composer\Autoload\includeFile()
#2 unknown(0): Composer\Autoload\ClassLoader->loadClass()
#3 C:\domains\remcohoeneveld.nl\wwwroot\craft\app\etc\templating\twigextensions\TemplateLoader.php(14): spl_autoload_call()
#4 C:\domains\remcohoeneveld.nl\wwwroot\craft\app\framework\YiiBase.php(405): include()
#5 unknown(0): autoload()
#6 C:\domains\remcohoeneveld.nl\wwwroot\craft\app\services\TemplatesService.php(169): spl_autoload_call()
#7 C:\domains\remcohoeneveld.nl\wwwroot\craft\app\services\TemplatesService.php(249): Craft\TemplatesService->getTwig()
#8 C:\domains\remcohoeneveld.nl\wwwroot\craft\app\controllers\BaseController.php(74): Craft\TemplatesService->render()
#9 C:\domains\remcohoeneveld.nl\wwwroot\craft\app\controllers\TemplatesController.php(68): Craft\TemplatesController->renderTemplate()
#10 unknown(0): Craft\TemplatesController->actionRender()
#11 C:\domains\remcohoeneveld.nl\wwwroot\craft\app\framework\web\actions\CAction.php(109): ReflectionMethod->invokeArgs()
#12 C:\domains\remcohoeneveld.nl\wwwroot\craft\app\framework\web\actions\CInlineAction.php(47): CInlineAction->runWithParamsInternal()
#13 C:\domains\remcohoeneveld.nl\wwwroot\craft\app\framework\web\CController.php(308): CInlineAction->runWithParams()
#14 C:\domains\remcohoeneveld.nl\wwwroot\craft\app\framework\web\CController.php(286): Craft\TemplatesController->runAction()
#15 C:\domains\remcohoeneveld.nl\wwwroot\craft\app\framework\web\CController.php(265): Craft\TemplatesController->runActionWithFilters()
#16 C:\domains\remcohoeneveld.nl\wwwroot\craft\app\framework\web\CWebApplication.php(282): Craft\TemplatesController->run()
#17 C:\domains\remcohoeneveld.nl\wwwroot\craft\app\framework\web\CWebApplication.php(141): Craft\WebApp->runController()
#18 C:\domains\remcohoeneveld.nl\wwwroot\craft\app\etc\web\WebApp.php(290): Craft\WebApp->processRequest()
#19 C:\domains\remcohoeneveld.nl\wwwroot\craft\app\framework\base\CApplication.php(185): Craft\WebApp->processRequest()
#20 C:\domains\remcohoeneveld.nl\wwwroot\craft\app\index.php(73): Craft\WebApp->run()
#21 C:\domains\remcohoeneveld.nl\wwwroot\public\index.php(19): require_once()
REQUEST_URI=/

******************************************************************************************************
2018/03/07 22:38:27 [error] [php] Wrong parameter count for class_alias() (C:\domains\remcohoeneveld.nl\wwwroot\craft\app\vendor\twig\twig\lib\Twig\LoaderInterface.php:57)
Stack trace:
#0 C:\domains\remcohoeneveld.nl\wwwroot\craft\app\vendor\composer\ClassLoader.php(414): include()
#1 C:\domains\remcohoeneveld.nl\wwwroot\craft\app\vendor\composer\ClassLoader.php(301): Composer\Autoload\includeFile()
#2 unknown(0): Composer\Autoload\ClassLoader->loadClass()
#3 C:\domains\remcohoeneveld.nl\wwwroot\craft\app\etc\templating\twigextensions\TemplateLoader.php(14): spl_autoload_call()
#4 C:\domains\remcohoeneveld.nl\wwwroot\craft\app\framework\YiiBase.php(405): include()
#5 unknown(0): autoload()
#6 C:\domains\remcohoeneveld.nl\wwwroot\craft\app\services\TemplatesService.php(169): spl_autoload_call()
#7 C:\domains\remcohoeneveld.nl\wwwroot\craft\app\services\TemplatesService.php(249): Craft\TemplatesService->getTwig()
#8 C:\domains\remcohoeneveld.nl\wwwroot\craft\app\controllers\BaseController.php(74): Craft\TemplatesService->render()
#9 C:\domains\remcohoeneveld.nl\wwwroot\craft\app\controllers\TemplatesController.php(68): Craft\TemplatesController->renderTemplate()
#10 unknown(0): Craft\TemplatesController->actionRender()
#11 C:\domains\remcohoeneveld.nl\wwwroot\craft\app\framework\web\actions\CAction.php(109): ReflectionMethod->invokeArgs()
#12 C:\domains\remcohoeneveld.nl\wwwroot\craft\app\framework\web\actions\CInlineAction.php(47): CInlineAction->runWithParamsInternal()
#13 C:\domains\remcohoeneveld.nl\wwwroot\craft\app\framework\web\CController.php(308): CInlineAction->runWithParams()
#14 C:\domains\remcohoeneveld.nl\wwwroot\craft\app\framework\web\CController.php(286): Craft\TemplatesController->runAction()
#15 C:\domains\remcohoeneveld.nl\wwwroot\craft\app\framework\web\CController.php(265): Craft\TemplatesController->runActionWithFilters()
#16 C:\domains\remcohoeneveld.nl\wwwroot\craft\app\framework\web\CWebApplication.php(282): Craft\TemplatesController->run()
#17 C:\domains\remcohoeneveld.nl\wwwroot\craft\app\framework\web\CWebApplication.php(141): Craft\WebApp->runController()
#18 C:\domains\remcohoeneveld.nl\wwwroot\craft\app\etc\web\WebApp.php(290): Craft\WebApp->processRequest()
#19 C:\domains\remcohoeneveld.nl\wwwroot\craft\app\framework\base\CApplication.php(185): Craft\WebApp->processRequest()
#20 C:\domains\remcohoeneveld.nl\wwwroot\craft\app\index.php(73): Craft\WebApp->run()
#21 C:\domains\remcohoeneveld.nl\wwwroot\public\index.php(19): require_once()
REQUEST_URI=/

******************************************************************************************************
2018/03/07 22:38:27 [error] [php] Wrong parameter count for class_alias() (C:\domains\remcohoeneveld.nl\wwwroot\craft\app\vendor\twig\twig\lib\Twig\LoaderInterface.php:57)
Stack trace:
#0 C:\domains\remcohoeneveld.nl\wwwroot\craft\app\vendor\composer\ClassLoader.php(414): include()
#1 C:\domains\remcohoeneveld.nl\wwwroot\craft\app\vendor\composer\ClassLoader.php(301): Composer\Autoload\includeFile()
#2 unknown(0): Composer\Autoload\ClassLoader->loadClass()
#3 C:\domains\remcohoeneveld.nl\wwwroot\craft\app\etc\templating\twigextensions\TemplateLoader.php(14): spl_autoload_call()
#4 C:\domains\remcohoeneveld.nl\wwwroot\craft\app\framework\YiiBase.php(405): include()
#5 unknown(0): autoload()
#6 C:\domains\remcohoeneveld.nl\wwwroot\craft\app\services\TemplatesService.php(169): spl_autoload_call()
#7 C:\domains\remcohoeneveld.nl\wwwroot\craft\app\services\TemplatesService.php(249): Craft\TemplatesService->getTwig()
#8 C:\domains\remcohoeneveld.nl\wwwroot\craft\app\controllers\BaseController.php(74): Craft\TemplatesService->render()
#9 C:\domains\remcohoeneveld.nl\wwwroot\craft\app\controllers\TemplatesController.php(68): Craft\TemplatesController->renderTemplate()
#10 unknown(0): Craft\TemplatesController->actionRender()
#11 C:\domains\remcohoeneveld.nl\wwwroot\craft\app\framework\web\actions\CAction.php(109): ReflectionMethod->invokeArgs()
#12 C:\domains\remcohoeneveld.nl\wwwroot\craft\app\framework\web\actions\CInlineAction.php(47): CInlineAction->runWithParamsInternal()
#13 C:\domains\remcohoeneveld.nl\wwwroot\craft\app\framework\web\CController.php(308): CInlineAction->runWithParams()
#14 C:\domains\remcohoeneveld.nl\wwwroot\craft\app\framework\web\CController.php(286): Craft\TemplatesController->runAction()
#15 C:\domains\remcohoeneveld.nl\wwwroot\craft\app\framework\web\CController.php(265): Craft\TemplatesController->runActionWithFilters()
#16 C:\domains\remcohoeneveld.nl\wwwroot\craft\app\framework\web\CWebApplication.php(282): Craft\TemplatesController->run()
#17 C:\domains\remcohoeneveld.nl\wwwroot\craft\app\framework\web\CWebApplication.php(141): Craft\WebApp->runController()
#18 C:\domains\remcohoeneveld.nl\wwwroot\craft\app\etc\web\WebApp.php(290): Craft\WebApp->processRequest()
#19 C:\domains\remcohoeneveld.nl\wwwroot\craft\app\framework\base\CApplication.php(185): Craft\WebApp->processRequest()
#20 C:\domains\remcohoeneveld.nl\wwwroot\craft\app\index.php(73): Craft\WebApp->run()
#21 C:\domains\remcohoeneveld.nl\wwwroot\public\index.php(19): require_once()
REQUEST_URI=/

******************************************************************************************************
2018/03/07 22:38:53 [error] [php] Wrong parameter count for class_alias() (C:\domains\remcohoeneveld.nl\wwwroot\craft\app\vendor\twig\twig\lib\Twig\LoaderInterface.php:57)
Stack trace:
#0 C:\domains\remcohoeneveld.nl\wwwroot\craft\app\vendor\composer\ClassLoader.php(414): include()
#1 C:\domains\remcohoeneveld.nl\wwwroot\craft\app\vendor\composer\ClassLoader.php(301): Composer\Autoload\includeFile()
#2 unknown(0): Composer\Autoload\ClassLoader->loadClass()
#3 C:\domains\remcohoeneveld.nl\wwwroot\craft\app\etc\templating\twigextensions\TemplateLoader.php(14): spl_autoload_call()
#4 C:\domains\remcohoeneveld.nl\wwwroot\craft\app\framework\YiiBase.php(405): include()
#5 unknown(0): autoload()
#6 C:\domains\remcohoeneveld.nl\wwwroot\craft\app\services\TemplatesService.php(169): spl_autoload_call()
#7 C:\domains\remcohoeneveld.nl\wwwroot\craft\app\services\TemplatesService.php(249): Craft\TemplatesService->getTwig()
#8 C:\domains\remcohoeneveld.nl\wwwroot\craft\app\controllers\BaseController.php(74): Craft\TemplatesService->render()
#9 C:\domains\remcohoeneveld.nl\wwwroot\craft\app\controllers\TemplatesController.php(68): Craft\TemplatesController->renderTemplate()
#10 unknown(0): Craft\TemplatesController->actionRender()
#11 C:\domains\remcohoeneveld.nl\wwwroot\craft\app\framework\web\actions\CAction.php(109): ReflectionMethod->invokeArgs()
#12 C:\domains\remcohoeneveld.nl\wwwroot\craft\app\framework\web\actions\CInlineAction.php(47): CInlineAction->runWithParamsInternal()
#13 C:\domains\remcohoeneveld.nl\wwwroot\craft\app\framework\web\CController.php(308): CInlineAction->runWithParams()
#14 C:\domains\remcohoeneveld.nl\wwwroot\craft\app\framework\web\CController.php(286): Craft\TemplatesController->runAction()
#15 C:\domains\remcohoeneveld.nl\wwwroot\craft\app\framework\web\CController.php(265): Craft\TemplatesController->runActionWithFilters()
#16 C:\domains\remcohoeneveld.nl\wwwroot\craft\app\framework\web\CWebApplication.php(282): Craft\TemplatesController->run()
#17 C:\domains\remcohoeneveld.nl\wwwroot\craft\app\framework\web\CWebApplication.php(141): Craft\WebApp->runController()
#18 C:\domains\remcohoeneveld.nl\wwwroot\craft\app\etc\web\WebApp.php(290): Craft\WebApp->processRequest()
#19 C:\domains\remcohoeneveld.nl\wwwroot\craft\app\framework\base\CApplication.php(185): Craft\WebApp->processRequest()
#20 C:\domains\remcohoeneveld.nl\wwwroot\craft\app\index.php(73): Craft\WebApp->run()
#21 C:\domains\remcohoeneveld.nl\wwwroot\public\index.php(19): require_once()
REQUEST_URI=/

******************************************************************************************************
2018/03/07 22:38:54 [error] [php] Wrong parameter count for class_alias() (C:\domains\remcohoeneveld.nl\wwwroot\craft\app\vendor\twig\twig\lib\Twig\LoaderInterface.php:57)
Stack trace:
#0 C:\domains\remcohoeneveld.nl\wwwroot\craft\app\vendor\composer\ClassLoader.php(414): include()
#1 C:\domains\remcohoeneveld.nl\wwwroot\craft\app\vendor\composer\ClassLoader.php(301): Composer\Autoload\includeFile()
#2 unknown(0): Composer\Autoload\ClassLoader->loadClass()
#3 C:\domains\remcohoeneveld.nl\wwwroot\craft\app\etc\templating\twigextensions\TemplateLoader.php(14): spl_autoload_call()
#4 C:\domains\remcohoeneveld.nl\wwwroot\craft\app\framework\YiiBase.php(405): include()
#5 unknown(0): autoload()
#6 C:\domains\remcohoeneveld.nl\wwwroot\craft\app\services\TemplatesService.php(169): spl_autoload_call()
#7 C:\domains\remcohoeneveld.nl\wwwroot\craft\app\services\TemplatesService.php(249): Craft\TemplatesService->getTwig()
#8 C:\domains\remcohoeneveld.nl\wwwroot\craft\app\controllers\BaseController.php(74): Craft\TemplatesService->render()
#9 C:\domains\remcohoeneveld.nl\wwwroot\craft\app\controllers\TemplatesController.php(68): Craft\TemplatesController->renderTemplate()
#10 unknown(0): Craft\TemplatesController->actionRender()
#11 C:\domains\remcohoeneveld.nl\wwwroot\craft\app\framework\web\actions\CAction.php(109): ReflectionMethod->invokeArgs()
#12 C:\domains\remcohoeneveld.nl\wwwroot\craft\app\framework\web\actions\CInlineAction.php(47): CInlineAction->runWithParamsInternal()
#13 C:\domains\remcohoeneveld.nl\wwwroot\craft\app\framework\web\CController.php(308): CInlineAction->runWithParams()
#14 C:\domains\remcohoeneveld.nl\wwwroot\craft\app\framework\web\CController.php(286): Craft\TemplatesController->runAction()
#15 C:\domains\remcohoeneveld.nl\wwwroot\craft\app\framework\web\CController.php(265): Craft\TemplatesController->runActionWithFilters()
#16 C:\domains\remcohoeneveld.nl\wwwroot\craft\app\framework\web\CWebApplication.php(282): Craft\TemplatesController->run()
#17 C:\domains\remcohoeneveld.nl\wwwroot\craft\app\framework\web\CWebApplication.php(141): Craft\WebApp->runController()
#18 C:\domains\remcohoeneveld.nl\wwwroot\craft\app\etc\web\WebApp.php(290): Craft\WebApp->processRequest()
#19 C:\domains\remcohoeneveld.nl\wwwroot\craft\app\framework\base\CApplication.php(185): Craft\WebApp->processRequest()
#20 C:\domains\remcohoeneveld.nl\wwwroot\craft\app\index.php(73): Craft\WebApp->run()
#21 C:\domains\remcohoeneveld.nl\wwwroot\public\index.php(19): require_once()
REQUEST_URI=/

******************************************************************************************************
2018/03/07 22:38:57 [error] [php] Wrong parameter count for class_alias() (C:\domains\remcohoeneveld.nl\wwwroot\craft\app\vendor\twig\twig\lib\Twig\LoaderInterface.php:57)
Stack trace:
#0 C:\domains\remcohoeneveld.nl\wwwroot\craft\app\vendor\composer\ClassLoader.php(414): include()
#1 C:\domains\remcohoeneveld.nl\wwwroot\craft\app\vendor\composer\ClassLoader.php(301): Composer\Autoload\includeFile()
#2 unknown(0): Composer\Autoload\ClassLoader->loadClass()
#3 C:\domains\remcohoeneveld.nl\wwwroot\craft\app\etc\templating\twigextensions\TemplateLoader.php(14): spl_autoload_call()
#4 C:\domains\remcohoeneveld.nl\wwwroot\craft\app\framework\YiiBase.php(405): include()
#5 unknown(0): autoload()
#6 C:\domains\remcohoeneveld.nl\wwwroot\craft\app\services\TemplatesService.php(169): spl_autoload_call()
#7 C:\domains\remcohoeneveld.nl\wwwroot\craft\app\services\TemplatesService.php(249): Craft\TemplatesService->getTwig()
#8 C:\domains\remcohoeneveld.nl\wwwroot\craft\app\controllers\BaseController.php(74): Craft\TemplatesService->render()
#9 C:\domains\remcohoeneveld.nl\wwwroot\craft\app\controllers\TemplatesController.php(68): Craft\TemplatesController->renderTemplate()
#10 unknown(0): Craft\TemplatesController->actionRender()
#11 C:\domains\remcohoeneveld.nl\wwwroot\craft\app\framework\web\actions\CAction.php(109): ReflectionMethod->invokeArgs()
#12 C:\domains\remcohoeneveld.nl\wwwroot\craft\app\framework\web\actions\CInlineAction.php(47): CInlineAction->runWithParamsInternal()
#13 C:\domains\remcohoeneveld.nl\wwwroot\craft\app\framework\web\CController.php(308): CInlineAction->runWithParams()
#14 C:\domains\remcohoeneveld.nl\wwwroot\craft\app\framework\web\CController.php(286): Craft\TemplatesController->runAction()
#15 C:\domains\remcohoeneveld.nl\wwwroot\craft\app\framework\web\CController.php(265): Craft\TemplatesController->runActionWithFilters()
#16 C:\domains\remcohoeneveld.nl\wwwroot\craft\app\framework\web\CWebApplication.php(282): Craft\TemplatesController->run()
#17 C:\domains\remcohoeneveld.nl\wwwroot\craft\app\framework\web\CWebApplication.php(141): Craft\WebApp->runController()
#18 C:\domains\remcohoeneveld.nl\wwwroot\craft\app\etc\web\WebApp.php(290): Craft\WebApp->processRequest()
#19 C:\domains\remcohoeneveld.nl\wwwroot\craft\app\framework\base\CApplication.php(185): Craft\WebApp->processRequest()
#20 C:\domains\remcohoeneveld.nl\wwwroot\craft\app\index.php(73): Craft\WebApp->run()
#21 C:\domains\remcohoeneveld.nl\wwwroot\public\index.php(19): require_once()
REQUEST_URI=/

******************************************************************************************************
